ARM GAS  C:\Users\yaman\AppData\Local\Temp\cc4iUAAj.s 			page 1


   1              		.cpu cortex-m7
   2              		.eabi_attribute 28, 1
   3              		.eabi_attribute 20, 1
   4              		.eabi_attribute 21, 1
   5              		.eabi_attribute 23, 3
   6              		.eabi_attribute 24, 1
   7              		.eabi_attribute 25, 1
   8              		.eabi_attribute 26, 1
   9              		.eabi_attribute 30, 2
  10              		.eabi_attribute 34, 1
  11              		.eabi_attribute 18, 4
  12              		.file	"ccsbcs.c"
  13              		.text
  14              	.Ltext0:
  15              		.cfi_sections	.debug_frame
  16              		.section	.text.ff_convert,"ax",%progbits
  17              		.align	1
  18              		.p2align 2,,3
  19              		.global	ff_convert
  20              		.arch armv7e-m
  21              		.syntax unified
  22              		.thumb
  23              		.thumb_func
  24              		.fpu fpv5-d16
  26              	ff_convert:
  27              	.LVL0:
  28              	.LFB320:
  29              		.file 1 "libDaisy/Middlewares/Third_Party/FatFs/src/option/ccsbcs.c"
   1:libDaisy/Middlewares/Third_Party/FatFs/src/option/ccsbcs.c **** /*------------------------------------------------------------------------*/
   2:libDaisy/Middlewares/Third_Party/FatFs/src/option/ccsbcs.c **** /* Unicode - Local code bidirectional converter  (C)ChaN, 2015            */
   3:libDaisy/Middlewares/Third_Party/FatFs/src/option/ccsbcs.c **** /* (SBCS code pages)                                                      */
   4:libDaisy/Middlewares/Third_Party/FatFs/src/option/ccsbcs.c **** /*------------------------------------------------------------------------*/
   5:libDaisy/Middlewares/Third_Party/FatFs/src/option/ccsbcs.c **** /*  437   U.S.
   6:libDaisy/Middlewares/Third_Party/FatFs/src/option/ccsbcs.c **** /   720   Arabic
   7:libDaisy/Middlewares/Third_Party/FatFs/src/option/ccsbcs.c **** /   737   Greek
   8:libDaisy/Middlewares/Third_Party/FatFs/src/option/ccsbcs.c **** /   771   KBL
   9:libDaisy/Middlewares/Third_Party/FatFs/src/option/ccsbcs.c **** /   775   Baltic
  10:libDaisy/Middlewares/Third_Party/FatFs/src/option/ccsbcs.c **** /   850   Latin 1
  11:libDaisy/Middlewares/Third_Party/FatFs/src/option/ccsbcs.c **** /   852   Latin 2
  12:libDaisy/Middlewares/Third_Party/FatFs/src/option/ccsbcs.c **** /   855   Cyrillic
  13:libDaisy/Middlewares/Third_Party/FatFs/src/option/ccsbcs.c **** /   857   Turkish
  14:libDaisy/Middlewares/Third_Party/FatFs/src/option/ccsbcs.c **** /   860   Portuguese
  15:libDaisy/Middlewares/Third_Party/FatFs/src/option/ccsbcs.c **** /   861   Icelandic
  16:libDaisy/Middlewares/Third_Party/FatFs/src/option/ccsbcs.c **** /   862   Hebrew
  17:libDaisy/Middlewares/Third_Party/FatFs/src/option/ccsbcs.c **** /   863   Canadian French
  18:libDaisy/Middlewares/Third_Party/FatFs/src/option/ccsbcs.c **** /   864   Arabic
  19:libDaisy/Middlewares/Third_Party/FatFs/src/option/ccsbcs.c **** /   865   Nordic
  20:libDaisy/Middlewares/Third_Party/FatFs/src/option/ccsbcs.c **** /   866   Russian
  21:libDaisy/Middlewares/Third_Party/FatFs/src/option/ccsbcs.c **** /   869   Greek 2
  22:libDaisy/Middlewares/Third_Party/FatFs/src/option/ccsbcs.c **** */
  23:libDaisy/Middlewares/Third_Party/FatFs/src/option/ccsbcs.c **** 
  24:libDaisy/Middlewares/Third_Party/FatFs/src/option/ccsbcs.c **** #include "../ff.h"
  25:libDaisy/Middlewares/Third_Party/FatFs/src/option/ccsbcs.c **** 
  26:libDaisy/Middlewares/Third_Party/FatFs/src/option/ccsbcs.c **** 
  27:libDaisy/Middlewares/Third_Party/FatFs/src/option/ccsbcs.c **** #if _CODE_PAGE == 437
  28:libDaisy/Middlewares/Third_Party/FatFs/src/option/ccsbcs.c **** #define _TBLDEF 1
  29:libDaisy/Middlewares/Third_Party/FatFs/src/option/ccsbcs.c **** static
ARM GAS  C:\Users\yaman\AppData\Local\Temp\cc4iUAAj.s 			page 2


  30:libDaisy/Middlewares/Third_Party/FatFs/src/option/ccsbcs.c **** const WCHAR Tbl[] = {	/*  CP437(0x80-0xFF) to Unicode conversion table */
  31:libDaisy/Middlewares/Third_Party/FatFs/src/option/ccsbcs.c **** 	0x00C7, 0x00FC, 0x00E9, 0x00E2, 0x00E4, 0x00E0, 0x00E5, 0x00E7, 0x00EA, 0x00EB, 0x00E8, 0x00EF, 0x
  32:libDaisy/Middlewares/Third_Party/FatFs/src/option/ccsbcs.c **** 	0x00C9, 0x00E6, 0x00C6, 0x00F4, 0x00F6, 0x00F2, 0x00FB, 0x00F9, 0x00FF, 0x00D6, 0x00DC, 0x00A2, 0x
  33:libDaisy/Middlewares/Third_Party/FatFs/src/option/ccsbcs.c **** 	0x00E1, 0x00ED, 0x00F3, 0x00FA, 0x00F1, 0x00D1, 0x00AA, 0x00BA, 0x00BF, 0x2310, 0x00AC, 0x00BD, 0x
  34:libDaisy/Middlewares/Third_Party/FatFs/src/option/ccsbcs.c **** 	0x2591, 0x2592, 0x2593, 0x2502, 0x2524, 0x2561, 0x2562, 0x2556, 0x2555, 0x2563, 0x2551, 0x2557, 0x
  35:libDaisy/Middlewares/Third_Party/FatFs/src/option/ccsbcs.c **** 	0x2514, 0x2534, 0x252C, 0x251C, 0x2500, 0x253C, 0x255E, 0x255F, 0x255A, 0x2554, 0x2569, 0x2566, 0x
  36:libDaisy/Middlewares/Third_Party/FatFs/src/option/ccsbcs.c **** 	0x2568, 0x2564, 0x2565, 0x2559, 0x2558, 0x2552, 0x2553, 0x256B, 0x256A, 0x2518, 0x250C, 0x2588, 0x
  37:libDaisy/Middlewares/Third_Party/FatFs/src/option/ccsbcs.c **** 	0x03B1, 0x00DF, 0x0393, 0x03C0, 0x03A3, 0x03C3, 0x00B5, 0x03C4, 0x03A6, 0x0398, 0x03A9, 0x03B4, 0x
  38:libDaisy/Middlewares/Third_Party/FatFs/src/option/ccsbcs.c **** 	0x2261, 0x00B1, 0x2265, 0x2264, 0x2320, 0x2321, 0x00F7, 0x2248, 0x00B0, 0x2219, 0x00B7, 0x221A, 0x
  39:libDaisy/Middlewares/Third_Party/FatFs/src/option/ccsbcs.c **** };
  40:libDaisy/Middlewares/Third_Party/FatFs/src/option/ccsbcs.c **** 
  41:libDaisy/Middlewares/Third_Party/FatFs/src/option/ccsbcs.c **** #elif _CODE_PAGE == 720
  42:libDaisy/Middlewares/Third_Party/FatFs/src/option/ccsbcs.c **** #define _TBLDEF 1
  43:libDaisy/Middlewares/Third_Party/FatFs/src/option/ccsbcs.c **** static
  44:libDaisy/Middlewares/Third_Party/FatFs/src/option/ccsbcs.c **** const WCHAR Tbl[] = {	/*  CP720(0x80-0xFF) to Unicode conversion table */
  45:libDaisy/Middlewares/Third_Party/FatFs/src/option/ccsbcs.c **** 	0x0000, 0x0000, 0x00E9, 0x00E2, 0x0000, 0x00E0, 0x0000, 0x00E7, 0x00EA, 0x00EB, 0x00E8, 0x00EF, 0x
  46:libDaisy/Middlewares/Third_Party/FatFs/src/option/ccsbcs.c **** 	0x0000, 0x0651, 0x0652, 0x00F4, 0x00A4, 0x0640, 0x00FB, 0x00F9, 0x0621, 0x0622, 0x0623, 0x0624, 0x
  47:libDaisy/Middlewares/Third_Party/FatFs/src/option/ccsbcs.c **** 	0x0628, 0x0629, 0x062A, 0x062B, 0x062C, 0x062D, 0x062E, 0x062F, 0x0630, 0x0631, 0x0632, 0x0633, 0x
  48:libDaisy/Middlewares/Third_Party/FatFs/src/option/ccsbcs.c **** 	0x2591, 0x2592, 0x2593, 0x2502, 0x2524, 0x2561, 0x2562, 0x2556, 0x2555, 0x2563, 0x2551, 0x2557, 0x
  49:libDaisy/Middlewares/Third_Party/FatFs/src/option/ccsbcs.c **** 	0x2514, 0x2534, 0x252C, 0x251C, 0x2500, 0x253C, 0x255E, 0x255F, 0x255A, 0x2554, 0x2569, 0x2566, 0x
  50:libDaisy/Middlewares/Third_Party/FatFs/src/option/ccsbcs.c **** 	0x2568, 0x2564, 0x2565, 0x2559, 0x2558, 0x2552, 0x2553, 0x256B, 0x256A, 0x2518, 0x250C, 0x2588, 0x
  51:libDaisy/Middlewares/Third_Party/FatFs/src/option/ccsbcs.c **** 	0x0636, 0x0637, 0x0638, 0x0639, 0x063A, 0x0641, 0x00B5, 0x0642, 0x0643, 0x0644, 0x0645, 0x0646, 0x
  52:libDaisy/Middlewares/Third_Party/FatFs/src/option/ccsbcs.c **** 	0x2261, 0x064B, 0x064C, 0x064D, 0x064E, 0x064F, 0x0650, 0x2248, 0x00B0, 0x2219, 0x00B7, 0x221A, 0x
  53:libDaisy/Middlewares/Third_Party/FatFs/src/option/ccsbcs.c **** };
  54:libDaisy/Middlewares/Third_Party/FatFs/src/option/ccsbcs.c **** 
  55:libDaisy/Middlewares/Third_Party/FatFs/src/option/ccsbcs.c **** #elif _CODE_PAGE == 737
  56:libDaisy/Middlewares/Third_Party/FatFs/src/option/ccsbcs.c **** #define _TBLDEF 1
  57:libDaisy/Middlewares/Third_Party/FatFs/src/option/ccsbcs.c **** static
  58:libDaisy/Middlewares/Third_Party/FatFs/src/option/ccsbcs.c **** const WCHAR Tbl[] = {	/*  CP737(0x80-0xFF) to Unicode conversion table */
  59:libDaisy/Middlewares/Third_Party/FatFs/src/option/ccsbcs.c **** 	0x0391, 0x0392, 0x0393, 0x0394, 0x0395, 0x0396, 0x0397, 0x0398, 0x0399, 0x039A, 0x039B, 0x039C, 0x
  60:libDaisy/Middlewares/Third_Party/FatFs/src/option/ccsbcs.c **** 	0x03A1, 0x03A3, 0x03A4, 0x03A5, 0x03A6, 0x03A7, 0x03A8, 0x03A9, 0x03B1, 0x03B2, 0x03B3, 0x03B4, 0x
  61:libDaisy/Middlewares/Third_Party/FatFs/src/option/ccsbcs.c **** 	0x03B9, 0x03BA, 0x03BB, 0x03BC, 0x03BD, 0x03BE, 0x03BF, 0x03C0, 0x03C1, 0x03C3, 0x03C2, 0x03C4, 0x
  62:libDaisy/Middlewares/Third_Party/FatFs/src/option/ccsbcs.c **** 	0x2591, 0x2592, 0x2593, 0x2502, 0x2524, 0x2561, 0x2562, 0x2556, 0x2555, 0x2563, 0x2551, 0x2557, 0x
  63:libDaisy/Middlewares/Third_Party/FatFs/src/option/ccsbcs.c **** 	0x2514, 0x2534, 0x252C, 0x251C, 0x2500, 0x253C, 0x255E, 0x255F, 0x255A, 0x2554, 0x2569, 0x2566, 0x
  64:libDaisy/Middlewares/Third_Party/FatFs/src/option/ccsbcs.c **** 	0x2568, 0x2564, 0x2565, 0x2559, 0x2558, 0x2552, 0x2553, 0x256B, 0x256A, 0x2518, 0x250C, 0x2588, 0x
  65:libDaisy/Middlewares/Third_Party/FatFs/src/option/ccsbcs.c **** 	0x03C9, 0x03AC, 0x03AD, 0x03AE, 0x03CA, 0x03AF, 0x03CC, 0x03CD, 0x03CB, 0x03CE, 0x0386, 0x0388, 0x
  66:libDaisy/Middlewares/Third_Party/FatFs/src/option/ccsbcs.c **** 	0x038F, 0x00B1, 0x2265, 0x2264, 0x03AA, 0x03AB, 0x00F7, 0x2248, 0x00B0, 0x2219, 0x00B7, 0x221A, 0x
  67:libDaisy/Middlewares/Third_Party/FatFs/src/option/ccsbcs.c **** };
  68:libDaisy/Middlewares/Third_Party/FatFs/src/option/ccsbcs.c **** 
  69:libDaisy/Middlewares/Third_Party/FatFs/src/option/ccsbcs.c **** #elif _CODE_PAGE == 771
  70:libDaisy/Middlewares/Third_Party/FatFs/src/option/ccsbcs.c **** #define _TBLDEF 1
  71:libDaisy/Middlewares/Third_Party/FatFs/src/option/ccsbcs.c **** static
  72:libDaisy/Middlewares/Third_Party/FatFs/src/option/ccsbcs.c **** const WCHAR Tbl[] = {	/*  CP771(0x80-0xFF) to Unicode conversion table */
  73:libDaisy/Middlewares/Third_Party/FatFs/src/option/ccsbcs.c **** 	0x0410, 0x0411, 0x0412, 0x0413, 0x0414, 0x0415, 0x0416, 0x0417, 0x0418, 0x0419, 0x041A, 0x041B, 0x
  74:libDaisy/Middlewares/Third_Party/FatFs/src/option/ccsbcs.c **** 	0x0420, 0x0421, 0x0422, 0x0423, 0x0424, 0x0425, 0x0426, 0x0427, 0x0428, 0x0429, 0x042A, 0x042B, 0x
  75:libDaisy/Middlewares/Third_Party/FatFs/src/option/ccsbcs.c **** 	0x0430, 0x0431, 0x0432, 0x0433, 0x0434, 0x0435, 0x0436, 0x0437, 0x0438, 0x0439, 0x043A, 0x043B, 0x
  76:libDaisy/Middlewares/Third_Party/FatFs/src/option/ccsbcs.c **** 	0x2591, 0x2592, 0x2593, 0x2502, 0x2524, 0x2561, 0x2562, 0x2556, 0x2555, 0x2563, 0x2551, 0x2557, 0x
  77:libDaisy/Middlewares/Third_Party/FatFs/src/option/ccsbcs.c **** 	0x2514, 0x2534, 0x252C, 0x251C, 0x2500, 0x253C, 0x255E, 0x255F, 0x255A, 0x2554, 0x2569, 0x2566, 0x
  78:libDaisy/Middlewares/Third_Party/FatFs/src/option/ccsbcs.c **** 	0x2568, 0x2564, 0x2565, 0x2559, 0x2558, 0x2552, 0x2553, 0x256B, 0x256A, 0x2518, 0x250C, 0x2588, 0x
  79:libDaisy/Middlewares/Third_Party/FatFs/src/option/ccsbcs.c **** 	0x0440, 0x0441, 0x0442, 0x0443, 0x0444, 0x0445, 0x0446, 0x0447, 0x0448, 0x0449, 0x044A, 0x044B, 0x
  80:libDaisy/Middlewares/Third_Party/FatFs/src/option/ccsbcs.c **** 	0x0118, 0x0119, 0x0116, 0x0117, 0x012E, 0x012F, 0x0160, 0x0161, 0x0172, 0x0173, 0x016A, 0x016B, 0x
  81:libDaisy/Middlewares/Third_Party/FatFs/src/option/ccsbcs.c **** };
  82:libDaisy/Middlewares/Third_Party/FatFs/src/option/ccsbcs.c **** 
  83:libDaisy/Middlewares/Third_Party/FatFs/src/option/ccsbcs.c **** #elif _CODE_PAGE == 775
  84:libDaisy/Middlewares/Third_Party/FatFs/src/option/ccsbcs.c **** #define _TBLDEF 1
  85:libDaisy/Middlewares/Third_Party/FatFs/src/option/ccsbcs.c **** static
  86:libDaisy/Middlewares/Third_Party/FatFs/src/option/ccsbcs.c **** const WCHAR Tbl[] = {	/*  CP775(0x80-0xFF) to Unicode conversion table */
ARM GAS  C:\Users\yaman\AppData\Local\Temp\cc4iUAAj.s 			page 3


  87:libDaisy/Middlewares/Third_Party/FatFs/src/option/ccsbcs.c **** 	0x0106, 0x00FC, 0x00E9, 0x0101, 0x00E4, 0x0123, 0x00E5, 0x0107, 0x0142, 0x0113, 0x0156, 0x0157, 0x
  88:libDaisy/Middlewares/Third_Party/FatFs/src/option/ccsbcs.c **** 	0x00C9, 0x00E6, 0x00C6, 0x014D, 0x00F6, 0x0122, 0x00A2, 0x015A, 0x015B, 0x00D6, 0x00DC, 0x00F8, 0x
  89:libDaisy/Middlewares/Third_Party/FatFs/src/option/ccsbcs.c **** 	0x0100, 0x012A, 0x00F3, 0x017B, 0x017C, 0x017A, 0x201D, 0x00A6, 0x00A9, 0x00AE, 0x00AC, 0x00BD, 0x
  90:libDaisy/Middlewares/Third_Party/FatFs/src/option/ccsbcs.c **** 	0x2591, 0x2592, 0x2593, 0x2502, 0x2524, 0x0104, 0x010C, 0x0118, 0x0116, 0x2563, 0x2551, 0x2557, 0x
  91:libDaisy/Middlewares/Third_Party/FatFs/src/option/ccsbcs.c **** 	0x2514, 0x2534, 0x252C, 0x251C, 0x2500, 0x253C, 0x0172, 0x016A, 0x255A, 0x2554, 0x2569, 0x2566, 0x
  92:libDaisy/Middlewares/Third_Party/FatFs/src/option/ccsbcs.c **** 	0x0105, 0x010D, 0x0119, 0x0117, 0x012F, 0x0161, 0x0173, 0x016B, 0x017E, 0x2518, 0x250C, 0x2588, 0x
  93:libDaisy/Middlewares/Third_Party/FatFs/src/option/ccsbcs.c **** 	0x00D3, 0x00DF, 0x014C, 0x0143, 0x00F5, 0x00D5, 0x00B5, 0x0144, 0x0136, 0x0137, 0x013B, 0x013C, 0x
  94:libDaisy/Middlewares/Third_Party/FatFs/src/option/ccsbcs.c **** 	0x00AD, 0x00B1, 0x201C, 0x00BE, 0x00B6, 0x00A7, 0x00F7, 0x201E, 0x00B0, 0x2219, 0x00B7, 0x00B9, 0x
  95:libDaisy/Middlewares/Third_Party/FatFs/src/option/ccsbcs.c **** };
  96:libDaisy/Middlewares/Third_Party/FatFs/src/option/ccsbcs.c **** 
  97:libDaisy/Middlewares/Third_Party/FatFs/src/option/ccsbcs.c **** #elif _CODE_PAGE == 850
  98:libDaisy/Middlewares/Third_Party/FatFs/src/option/ccsbcs.c **** #define _TBLDEF 1
  99:libDaisy/Middlewares/Third_Party/FatFs/src/option/ccsbcs.c **** static
 100:libDaisy/Middlewares/Third_Party/FatFs/src/option/ccsbcs.c **** const WCHAR Tbl[] = {	/*  CP850(0x80-0xFF) to Unicode conversion table */
 101:libDaisy/Middlewares/Third_Party/FatFs/src/option/ccsbcs.c **** 	0x00C7, 0x00FC, 0x00E9, 0x00E2, 0x00E4, 0x00E0, 0x00E5, 0x00E7, 0x00EA, 0x00EB, 0x00E8, 0x00EF, 0x
 102:libDaisy/Middlewares/Third_Party/FatFs/src/option/ccsbcs.c **** 	0x00C9, 0x00E6, 0x00C6, 0x00F4, 0x00F6, 0x00F2, 0x00FB, 0x00F9, 0x00FF, 0x00D6, 0x00DC, 0x00F8, 0x
 103:libDaisy/Middlewares/Third_Party/FatFs/src/option/ccsbcs.c **** 	0x00E1, 0x00ED, 0x00F3, 0x00FA, 0x00F1, 0x00D1, 0x00AA, 0x00BA, 0x00BF, 0x00AE, 0x00AC, 0x00BD, 0x
 104:libDaisy/Middlewares/Third_Party/FatFs/src/option/ccsbcs.c **** 	0x2591, 0x2592, 0x2593, 0x2502, 0x2524, 0x00C1, 0x00C2, 0x00C0, 0x00A9, 0x2563, 0x2551, 0x2557, 0x
 105:libDaisy/Middlewares/Third_Party/FatFs/src/option/ccsbcs.c **** 	0x2514, 0x2534, 0x252C, 0x251C, 0x2500, 0x253C, 0x00E3, 0x00C3, 0x255A, 0x2554, 0x2569, 0x2566, 0x
 106:libDaisy/Middlewares/Third_Party/FatFs/src/option/ccsbcs.c **** 	0x00F0, 0x00D0, 0x00CA, 0x00CB, 0x00C8, 0x0131, 0x00CD, 0x00CE, 0x00CF, 0x2518, 0x250C, 0x2588, 0x
 107:libDaisy/Middlewares/Third_Party/FatFs/src/option/ccsbcs.c **** 	0x00D3, 0x00DF, 0x00D4, 0x00D2, 0x00F5, 0x00D5, 0x00B5, 0x00FE, 0x00DE, 0x00DA, 0x00DB, 0x00D9, 0x
 108:libDaisy/Middlewares/Third_Party/FatFs/src/option/ccsbcs.c **** 	0x00AD, 0x00B1, 0x2017, 0x00BE, 0x00B6, 0x00A7, 0x00F7, 0x00B8, 0x00B0, 0x00A8, 0x00B7, 0x00B9, 0x
 109:libDaisy/Middlewares/Third_Party/FatFs/src/option/ccsbcs.c **** };
 110:libDaisy/Middlewares/Third_Party/FatFs/src/option/ccsbcs.c **** 
 111:libDaisy/Middlewares/Third_Party/FatFs/src/option/ccsbcs.c **** #elif _CODE_PAGE == 852
 112:libDaisy/Middlewares/Third_Party/FatFs/src/option/ccsbcs.c **** #define _TBLDEF 1
 113:libDaisy/Middlewares/Third_Party/FatFs/src/option/ccsbcs.c **** static
 114:libDaisy/Middlewares/Third_Party/FatFs/src/option/ccsbcs.c **** const WCHAR Tbl[] = {	/*  CP852(0x80-0xFF) to Unicode conversion table */
 115:libDaisy/Middlewares/Third_Party/FatFs/src/option/ccsbcs.c **** 	0x00C7, 0x00FC, 0x00E9, 0x00E2, 0x00E4, 0x016F, 0x0107, 0x00E7, 0x0142, 0x00EB, 0x0150, 0x0151, 0x
 116:libDaisy/Middlewares/Third_Party/FatFs/src/option/ccsbcs.c **** 	0x00C9, 0x0139, 0x013A, 0x00F4, 0x00F6, 0x013D, 0x013E, 0x015A, 0x015B, 0x00D6, 0x00DC, 0x0164, 0x
 117:libDaisy/Middlewares/Third_Party/FatFs/src/option/ccsbcs.c **** 	0x00E1, 0x00ED, 0x00F3, 0x00FA, 0x0104, 0x0105, 0x017D, 0x017E, 0x0118, 0x0119, 0x00AC, 0x017A, 0x
 118:libDaisy/Middlewares/Third_Party/FatFs/src/option/ccsbcs.c **** 	0x2591, 0x2592, 0x2593, 0x2502, 0x2524, 0x00C1, 0x00C2, 0x011A, 0x015E, 0x2563, 0x2551, 0x2557, 0x
 119:libDaisy/Middlewares/Third_Party/FatFs/src/option/ccsbcs.c **** 	0x2514, 0x2534, 0x252C, 0x251C, 0x2500, 0x253C, 0x0102, 0x0103, 0x255A, 0x2554, 0x2569, 0x2566, 0x
 120:libDaisy/Middlewares/Third_Party/FatFs/src/option/ccsbcs.c **** 	0x0111, 0x0110, 0x010E, 0x00CB, 0x010F, 0x0147, 0x00CD, 0x00CE, 0x011B, 0x2518, 0x250C, 0x2588, 0x
 121:libDaisy/Middlewares/Third_Party/FatFs/src/option/ccsbcs.c **** 	0x00D3, 0x00DF, 0x00D4, 0x0143, 0x0144, 0x0148, 0x0160, 0x0161, 0x0154, 0x00DA, 0x0155, 0x0170, 0x
 122:libDaisy/Middlewares/Third_Party/FatFs/src/option/ccsbcs.c **** 	0x00AD, 0x02DD, 0x02DB, 0x02C7, 0x02D8, 0x00A7, 0x00F7, 0x00B8, 0x00B0, 0x00A8, 0x02D9, 0x0171, 0x
 123:libDaisy/Middlewares/Third_Party/FatFs/src/option/ccsbcs.c **** };
 124:libDaisy/Middlewares/Third_Party/FatFs/src/option/ccsbcs.c **** 
 125:libDaisy/Middlewares/Third_Party/FatFs/src/option/ccsbcs.c **** #elif _CODE_PAGE == 855
 126:libDaisy/Middlewares/Third_Party/FatFs/src/option/ccsbcs.c **** #define _TBLDEF 1
 127:libDaisy/Middlewares/Third_Party/FatFs/src/option/ccsbcs.c **** static
 128:libDaisy/Middlewares/Third_Party/FatFs/src/option/ccsbcs.c **** const WCHAR Tbl[] = {	/*  CP855(0x80-0xFF) to Unicode conversion table */
 129:libDaisy/Middlewares/Third_Party/FatFs/src/option/ccsbcs.c **** 	0x0452, 0x0402, 0x0453, 0x0403, 0x0451, 0x0401, 0x0454, 0x0404, 0x0455, 0x0405, 0x0456, 0x0406, 0x
 130:libDaisy/Middlewares/Third_Party/FatFs/src/option/ccsbcs.c **** 	0x0459, 0x0409, 0x045A, 0x040A, 0x045B, 0x040B, 0x045C, 0x040C, 0x045E, 0x040E, 0x045F, 0x040F, 0x
 131:libDaisy/Middlewares/Third_Party/FatFs/src/option/ccsbcs.c **** 	0x0430, 0x0410, 0x0431, 0x0411, 0x0446, 0x0426, 0x0434, 0x0414, 0x0435, 0x0415, 0x0444, 0x0424, 0x
 132:libDaisy/Middlewares/Third_Party/FatFs/src/option/ccsbcs.c **** 	0x2591, 0x2592, 0x2593, 0x2502, 0x2524, 0x0445, 0x0425, 0x0438, 0x0418, 0x2563, 0x2551, 0x2557, 0x
 133:libDaisy/Middlewares/Third_Party/FatFs/src/option/ccsbcs.c **** 	0x2514, 0x2534, 0x252C, 0x251C, 0x2500, 0x253C, 0x043A, 0x041A, 0x255A, 0x2554, 0x2569, 0x2566, 0x
 134:libDaisy/Middlewares/Third_Party/FatFs/src/option/ccsbcs.c **** 	0x043B, 0x041B, 0x043C, 0x041C, 0x043D, 0x041D, 0x043E, 0x041E, 0x043F, 0x2518, 0x250C, 0x2588, 0x
 135:libDaisy/Middlewares/Third_Party/FatFs/src/option/ccsbcs.c **** 	0x042F, 0x0440, 0x0420, 0x0441, 0x0421, 0x0442, 0x0422, 0x0443, 0x0423, 0x0436, 0x0416, 0x0432, 0x
 136:libDaisy/Middlewares/Third_Party/FatFs/src/option/ccsbcs.c **** 	0x00AD, 0x044B, 0x042B, 0x0437, 0x0417, 0x0448, 0x0428, 0x044D, 0x042D, 0x0449, 0x0429, 0x0447, 0x
 137:libDaisy/Middlewares/Third_Party/FatFs/src/option/ccsbcs.c **** };
 138:libDaisy/Middlewares/Third_Party/FatFs/src/option/ccsbcs.c **** 
 139:libDaisy/Middlewares/Third_Party/FatFs/src/option/ccsbcs.c **** #elif _CODE_PAGE == 857
 140:libDaisy/Middlewares/Third_Party/FatFs/src/option/ccsbcs.c **** #define _TBLDEF 1
 141:libDaisy/Middlewares/Third_Party/FatFs/src/option/ccsbcs.c **** static
 142:libDaisy/Middlewares/Third_Party/FatFs/src/option/ccsbcs.c **** const WCHAR Tbl[] = {	/*  CP857(0x80-0xFF) to Unicode conversion table */
 143:libDaisy/Middlewares/Third_Party/FatFs/src/option/ccsbcs.c **** 	0x00C7, 0x00FC, 0x00E9, 0x00E2, 0x00E4, 0x00E0, 0x00E5, 0x00E7, 0x00EA, 0x00EB, 0x00E8, 0x00EF, 0x
ARM GAS  C:\Users\yaman\AppData\Local\Temp\cc4iUAAj.s 			page 4


 144:libDaisy/Middlewares/Third_Party/FatFs/src/option/ccsbcs.c **** 	0x00C9, 0x00E6, 0x00C6, 0x00F4, 0x00F6, 0x00F2, 0x00FB, 0x00F9, 0x0130, 0x00D6, 0x00DC, 0x00F8, 0x
 145:libDaisy/Middlewares/Third_Party/FatFs/src/option/ccsbcs.c **** 	0x00E1, 0x00ED, 0x00F3, 0x00FA, 0x00F1, 0x00D1, 0x011E, 0x011F, 0x00BF, 0x00AE, 0x00AC, 0x00BD, 0x
 146:libDaisy/Middlewares/Third_Party/FatFs/src/option/ccsbcs.c **** 	0x2591, 0x2592, 0x2593, 0x2502, 0x2524, 0x00C1, 0x00C2, 0x00C0, 0x00A9, 0x2563, 0x2551, 0x2557, 0x
 147:libDaisy/Middlewares/Third_Party/FatFs/src/option/ccsbcs.c **** 	0x2514, 0x2534, 0x252C, 0x251C, 0x2500, 0x253C, 0x00E3, 0x00C3, 0x255A, 0x2554, 0x2569, 0x2566, 0x
 148:libDaisy/Middlewares/Third_Party/FatFs/src/option/ccsbcs.c **** 	0x00BA, 0x00AA, 0x00CA, 0x00CB, 0x00C8, 0x0000, 0x00CD, 0x00CE, 0x00CF, 0x2518, 0x250C, 0x2588, 0x
 149:libDaisy/Middlewares/Third_Party/FatFs/src/option/ccsbcs.c **** 	0x00D3, 0x00DF, 0x00D4, 0x00D2, 0x00F5, 0x00D5, 0x00B5, 0x0000, 0x00D7, 0x00DA, 0x00DB, 0x00D9, 0x
 150:libDaisy/Middlewares/Third_Party/FatFs/src/option/ccsbcs.c **** 	0x00AD, 0x00B1, 0x0000, 0x00BE, 0x00B6, 0x00A7, 0x00F7, 0x00B8, 0x00B0, 0x00A8, 0x00B7, 0x00B9, 0x
 151:libDaisy/Middlewares/Third_Party/FatFs/src/option/ccsbcs.c **** };
 152:libDaisy/Middlewares/Third_Party/FatFs/src/option/ccsbcs.c **** 
 153:libDaisy/Middlewares/Third_Party/FatFs/src/option/ccsbcs.c **** #elif _CODE_PAGE == 860
 154:libDaisy/Middlewares/Third_Party/FatFs/src/option/ccsbcs.c **** #define _TBLDEF 1
 155:libDaisy/Middlewares/Third_Party/FatFs/src/option/ccsbcs.c **** static
 156:libDaisy/Middlewares/Third_Party/FatFs/src/option/ccsbcs.c **** const WCHAR Tbl[] = {	/*  CP860(0x80-0xFF) to Unicode conversion table */
 157:libDaisy/Middlewares/Third_Party/FatFs/src/option/ccsbcs.c **** 	0x00C7, 0x00FC, 0x00E9, 0x00E2, 0x00E3, 0x00E0, 0x00C1, 0x00E7, 0x00EA, 0x00CA, 0x00E8, 0x00CD, 0x
 158:libDaisy/Middlewares/Third_Party/FatFs/src/option/ccsbcs.c **** 	0x00C9, 0x00C0, 0x00C8, 0x00F4, 0x00F5, 0x00F2, 0x00DA, 0x00F9, 0x00CC, 0x00D5, 0x00DC, 0x00A2, 0x
 159:libDaisy/Middlewares/Third_Party/FatFs/src/option/ccsbcs.c **** 	0x00E1, 0x00ED, 0x00F3, 0x00FA, 0x00F1, 0x00D1, 0x00AA, 0x00BA, 0x00BF, 0x00D2, 0x00AC, 0x00BD, 0x
 160:libDaisy/Middlewares/Third_Party/FatFs/src/option/ccsbcs.c **** 	0x2591, 0x2592, 0x2593, 0x2502, 0x2524, 0x2561, 0x2562, 0x2556, 0x2555, 0x2563, 0x2551, 0x2557, 0x
 161:libDaisy/Middlewares/Third_Party/FatFs/src/option/ccsbcs.c **** 	0x2514, 0x2534, 0x252C, 0x251C, 0x2500, 0x253C, 0x255E, 0x255F, 0x255A, 0x2554, 0x2569, 0x2566, 0x
 162:libDaisy/Middlewares/Third_Party/FatFs/src/option/ccsbcs.c **** 	0x2568, 0x2564, 0x2565, 0x2559, 0x2558, 0x2552, 0x2553, 0x256B, 0x256A, 0x2518, 0x250C, 0x2588, 0x
 163:libDaisy/Middlewares/Third_Party/FatFs/src/option/ccsbcs.c **** 	0x03B1, 0x00DF, 0x0393, 0x03C0, 0x03A3, 0x03C3, 0x00B5, 0x03C4, 0x03A6, 0x0398, 0x03A9, 0x03B4, 0x
 164:libDaisy/Middlewares/Third_Party/FatFs/src/option/ccsbcs.c **** 	0x2261, 0x00B1, 0x2265, 0x2264, 0x2320, 0x2321, 0x00F7, 0x2248, 0x00B0, 0x2219, 0x00B7, 0x221A, 0x
 165:libDaisy/Middlewares/Third_Party/FatFs/src/option/ccsbcs.c **** };
 166:libDaisy/Middlewares/Third_Party/FatFs/src/option/ccsbcs.c **** 
 167:libDaisy/Middlewares/Third_Party/FatFs/src/option/ccsbcs.c **** #elif _CODE_PAGE == 861
 168:libDaisy/Middlewares/Third_Party/FatFs/src/option/ccsbcs.c **** #define _TBLDEF 1
 169:libDaisy/Middlewares/Third_Party/FatFs/src/option/ccsbcs.c **** static
 170:libDaisy/Middlewares/Third_Party/FatFs/src/option/ccsbcs.c **** const WCHAR Tbl[] = {	/*  CP861(0x80-0xFF) to Unicode conversion table */
 171:libDaisy/Middlewares/Third_Party/FatFs/src/option/ccsbcs.c **** 	0x00C7, 0x00FC, 0x00E9, 0x00E2, 0x00E4, 0x00E0, 0x00E6, 0x00E7, 0x00EA, 0x00EB, 0x00E8, 0x00D0, 0x
 172:libDaisy/Middlewares/Third_Party/FatFs/src/option/ccsbcs.c **** 	0x00C9, 0x00E6, 0x00C6, 0x00F4, 0x00F6, 0x00FE, 0x00FB, 0x00DD, 0x00FD, 0x00D6, 0x00DC, 0x00F8, 0x
 173:libDaisy/Middlewares/Third_Party/FatFs/src/option/ccsbcs.c **** 	0x00E1, 0x00ED, 0x00F3, 0x00FA, 0x00C1, 0x00CD, 0x00D3, 0x00DA, 0x00BF, 0x2310, 0x00AC, 0x00BD, 0x
 174:libDaisy/Middlewares/Third_Party/FatFs/src/option/ccsbcs.c **** 	0x2591, 0x2592, 0x2593, 0x2502, 0x2524, 0x2561, 0x2562, 0x2556, 0x2555, 0x2563, 0x2551, 0x2557, 0x
 175:libDaisy/Middlewares/Third_Party/FatFs/src/option/ccsbcs.c **** 	0x2514, 0x2534, 0x252C, 0x251C, 0x2500, 0x253C, 0x255E, 0x255F, 0x255A, 0x2554, 0x2569, 0x2566, 0x
 176:libDaisy/Middlewares/Third_Party/FatFs/src/option/ccsbcs.c **** 	0x2568, 0x2564, 0x2565, 0x2559, 0x2558, 0x2552, 0x2553, 0x256B, 0x256A, 0x2518, 0x250C, 0x2588, 0x
 177:libDaisy/Middlewares/Third_Party/FatFs/src/option/ccsbcs.c **** 	0x03B1, 0x00DF, 0x0393, 0x03C0, 0x03A3, 0x03C3, 0x00B5, 0x03C4, 0x03A6, 0x0398, 0x03A9, 0x03B4, 0x
 178:libDaisy/Middlewares/Third_Party/FatFs/src/option/ccsbcs.c **** 	0x2261, 0x00B1, 0x2265, 0x2264, 0x2320, 0x2321, 0x00F7, 0x2248, 0x00B0, 0x2219, 0x00B7, 0x221A, 0x
 179:libDaisy/Middlewares/Third_Party/FatFs/src/option/ccsbcs.c **** };
 180:libDaisy/Middlewares/Third_Party/FatFs/src/option/ccsbcs.c **** 
 181:libDaisy/Middlewares/Third_Party/FatFs/src/option/ccsbcs.c **** #elif _CODE_PAGE == 862
 182:libDaisy/Middlewares/Third_Party/FatFs/src/option/ccsbcs.c **** #define _TBLDEF 1
 183:libDaisy/Middlewares/Third_Party/FatFs/src/option/ccsbcs.c **** static
 184:libDaisy/Middlewares/Third_Party/FatFs/src/option/ccsbcs.c **** const WCHAR Tbl[] = {	/*  CP862(0x80-0xFF) to Unicode conversion table */
 185:libDaisy/Middlewares/Third_Party/FatFs/src/option/ccsbcs.c **** 	0x05D0, 0x05D1, 0x05D2, 0x05D3, 0x05D4, 0x05D5, 0x05D6, 0x05D7, 0x05D8, 0x05D9, 0x05DA, 0x05DB, 0x
 186:libDaisy/Middlewares/Third_Party/FatFs/src/option/ccsbcs.c **** 	0x05E0, 0x05E1, 0x05E2, 0x05E3, 0x05E4, 0x05E5, 0x05E6, 0x05E7, 0x05E8, 0x05E9, 0x05EA, 0x00A2, 0x
 187:libDaisy/Middlewares/Third_Party/FatFs/src/option/ccsbcs.c **** 	0x00E1, 0x00ED, 0x00F3, 0x00FA, 0x00F1, 0x00D1, 0x00AA, 0x00BA, 0x00BF, 0x2310, 0x00AC, 0x00BD, 0x
 188:libDaisy/Middlewares/Third_Party/FatFs/src/option/ccsbcs.c **** 	0x2591, 0x2592, 0x2593, 0x2502, 0x2524, 0x2561, 0x2562, 0x2556, 0x2555, 0x2563, 0x2551, 0x2557, 0x
 189:libDaisy/Middlewares/Third_Party/FatFs/src/option/ccsbcs.c **** 	0x2514, 0x2534, 0x252C, 0x251C, 0x2500, 0x253C, 0x255E, 0x255F, 0x255A, 0x2554, 0x2569, 0x2566, 0x
 190:libDaisy/Middlewares/Third_Party/FatFs/src/option/ccsbcs.c **** 	0x2568, 0x2564, 0x2565, 0x2559, 0x2558, 0x2552, 0x2553, 0x256B, 0x256A, 0x2518, 0x250C, 0x2588, 0x
 191:libDaisy/Middlewares/Third_Party/FatFs/src/option/ccsbcs.c **** 	0x03B1, 0x00DF, 0x0393, 0x03C0, 0x03A3, 0x03C3, 0x00B5, 0x03C4, 0x03A6, 0x0398, 0x03A9, 0x03B4, 0x
 192:libDaisy/Middlewares/Third_Party/FatFs/src/option/ccsbcs.c **** 	0x2261, 0x00B1, 0x2265, 0x2264, 0x2320, 0x2321, 0x00F7, 0x2248, 0x00B0, 0x2219, 0x00B7, 0x221A, 0x
 193:libDaisy/Middlewares/Third_Party/FatFs/src/option/ccsbcs.c **** };
 194:libDaisy/Middlewares/Third_Party/FatFs/src/option/ccsbcs.c **** 
 195:libDaisy/Middlewares/Third_Party/FatFs/src/option/ccsbcs.c **** #elif _CODE_PAGE == 863
 196:libDaisy/Middlewares/Third_Party/FatFs/src/option/ccsbcs.c **** #define _TBLDEF 1
 197:libDaisy/Middlewares/Third_Party/FatFs/src/option/ccsbcs.c **** static
 198:libDaisy/Middlewares/Third_Party/FatFs/src/option/ccsbcs.c **** const WCHAR Tbl[] = {	/*  CP863(0x80-0xFF) to Unicode conversion table */
 199:libDaisy/Middlewares/Third_Party/FatFs/src/option/ccsbcs.c **** 	0x00C7, 0x00FC, 0x00E9, 0x00E2, 0x00C2, 0x00E0, 0x00B6, 0x00E7, 0x00EA, 0x00EB, 0x00E8, 0x00EF, 0x
 200:libDaisy/Middlewares/Third_Party/FatFs/src/option/ccsbcs.c **** 	0x00C9, 0x00C8, 0x00CA, 0x00F4, 0x00CB, 0x00CF, 0x00FB, 0x00F9, 0x00A4, 0x00D4, 0x00DC, 0x00A2, 0x
ARM GAS  C:\Users\yaman\AppData\Local\Temp\cc4iUAAj.s 			page 5


 201:libDaisy/Middlewares/Third_Party/FatFs/src/option/ccsbcs.c **** 	0x00A6, 0x00B4, 0x00F3, 0x00FA, 0x00A8, 0x00BB, 0x00B3, 0x00AF, 0x00CE, 0x3210, 0x00AC, 0x00BD, 0x
 202:libDaisy/Middlewares/Third_Party/FatFs/src/option/ccsbcs.c **** 	0x2591, 0x2592, 0x2593, 0x2502, 0x2524, 0x2561, 0x2562, 0x2556, 0x2555, 0x2563, 0x2551, 0x2557, 0x
 203:libDaisy/Middlewares/Third_Party/FatFs/src/option/ccsbcs.c **** 	0x2514, 0x2534, 0x252C, 0x251C, 0x2500, 0x253C, 0x255E, 0x255F, 0x255A, 0x2554, 0x2569, 0x2566, 0x
 204:libDaisy/Middlewares/Third_Party/FatFs/src/option/ccsbcs.c **** 	0x2568, 0x2564, 0x2565, 0x2559, 0x2558, 0x2552, 0x2553, 0x256B, 0x256A, 0x2518, 0x250C, 0x2588, 0x
 205:libDaisy/Middlewares/Third_Party/FatFs/src/option/ccsbcs.c **** 	0x03B1, 0x00DF, 0x0393, 0x03C0, 0x03A3, 0x03C3, 0x00B5, 0x03C4, 0x03A6, 0x0398, 0x03A9, 0x03B4, 0x
 206:libDaisy/Middlewares/Third_Party/FatFs/src/option/ccsbcs.c **** 	0x2261, 0x00B1, 0x2265, 0x2264, 0x2320, 0x2321, 0x00F7, 0x2248, 0x00B0, 0x2219, 0x00B7, 0x221A, 0x
 207:libDaisy/Middlewares/Third_Party/FatFs/src/option/ccsbcs.c **** };
 208:libDaisy/Middlewares/Third_Party/FatFs/src/option/ccsbcs.c **** 
 209:libDaisy/Middlewares/Third_Party/FatFs/src/option/ccsbcs.c **** #elif _CODE_PAGE == 864
 210:libDaisy/Middlewares/Third_Party/FatFs/src/option/ccsbcs.c **** #define _TBLDEF 1
 211:libDaisy/Middlewares/Third_Party/FatFs/src/option/ccsbcs.c **** static
 212:libDaisy/Middlewares/Third_Party/FatFs/src/option/ccsbcs.c **** const WCHAR Tbl[] = {	/*  CP864(0x80-0xFF) to Unicode conversion table */
 213:libDaisy/Middlewares/Third_Party/FatFs/src/option/ccsbcs.c **** 	0x00B0, 0x00B7, 0x2219, 0x221A, 0x2592, 0x2500, 0x2502, 0x253C, 0x2524, 0x252C, 0x251C, 0x2534, 0x
 214:libDaisy/Middlewares/Third_Party/FatFs/src/option/ccsbcs.c **** 	0x03B2, 0x221E, 0x03C6, 0x00B1, 0x00BD, 0x00BC, 0x2248, 0x00AB, 0x00BB, 0xFEF7, 0xFEF8, 0x0000, 0x
 215:libDaisy/Middlewares/Third_Party/FatFs/src/option/ccsbcs.c **** 	0x00A0, 0x00AD, 0xFE82, 0x00A3, 0x00A4, 0xFE84, 0x0000, 0x20AC, 0xFE8E, 0xFE8F, 0xFE95, 0xFE99, 0x
 216:libDaisy/Middlewares/Third_Party/FatFs/src/option/ccsbcs.c **** 	0x0660, 0x0661, 0x0662, 0x0663, 0x0664, 0x0665, 0x0666, 0x0667, 0x0668, 0x0669, 0xFED1, 0x061B, 0x
 217:libDaisy/Middlewares/Third_Party/FatFs/src/option/ccsbcs.c **** 	0x00A2, 0xFE80, 0xFE81, 0xFE83, 0xFE85, 0xFECA, 0xFE8B, 0xFE8D, 0xFE91, 0xFE93, 0xFE97, 0xFE9B, 0x
 218:libDaisy/Middlewares/Third_Party/FatFs/src/option/ccsbcs.c **** 	0xFEAB, 0xFEAD, 0xFEAF, 0xFEB3, 0xFEB7, 0xFEBB, 0xFEBF, 0xFEC1, 0xFEC5, 0xFECB, 0xFECF, 0x00A6, 0x
 219:libDaisy/Middlewares/Third_Party/FatFs/src/option/ccsbcs.c **** 	0x0640, 0xFED3, 0xFED7, 0xFEDB, 0xFEDF, 0xFEE3, 0xFEE7, 0xFEEB, 0xFEED, 0xFEEF, 0xFEF3, 0xFEBD, 0x
 220:libDaisy/Middlewares/Third_Party/FatFs/src/option/ccsbcs.c **** 	0xFE7D, 0x0651, 0xFEE5, 0xFEE9, 0xFEEC, 0xFEF0, 0xFEF2, 0xFED0, 0xFED5, 0xFEF5, 0xFEF6, 0xFEDD, 0x
 221:libDaisy/Middlewares/Third_Party/FatFs/src/option/ccsbcs.c **** };
 222:libDaisy/Middlewares/Third_Party/FatFs/src/option/ccsbcs.c **** 
 223:libDaisy/Middlewares/Third_Party/FatFs/src/option/ccsbcs.c **** #elif _CODE_PAGE == 865
 224:libDaisy/Middlewares/Third_Party/FatFs/src/option/ccsbcs.c **** #define _TBLDEF 1
 225:libDaisy/Middlewares/Third_Party/FatFs/src/option/ccsbcs.c **** static
 226:libDaisy/Middlewares/Third_Party/FatFs/src/option/ccsbcs.c **** const WCHAR Tbl[] = {	/*  CP865(0x80-0xFF) to Unicode conversion table */
 227:libDaisy/Middlewares/Third_Party/FatFs/src/option/ccsbcs.c **** 	0x00C7, 0x00FC, 0x00E9, 0x00E2, 0x00E4, 0x00E0, 0x00E5, 0x00E7, 0x00EA, 0x00EB, 0x00E8, 0x00EF, 0x
 228:libDaisy/Middlewares/Third_Party/FatFs/src/option/ccsbcs.c **** 	0x00C5, 0x00E6, 0x00C6, 0x00F4, 0x00F6, 0x00F2, 0x00FB, 0x00F9, 0x00FF, 0x00D6, 0x00DC, 0x00F8, 0x
 229:libDaisy/Middlewares/Third_Party/FatFs/src/option/ccsbcs.c **** 	0x00E1, 0x00ED, 0x00F3, 0x00FA, 0x00F1, 0x00D1, 0x00AA, 0x00BA, 0x00BF, 0x2310, 0x00AC, 0x00BD, 0x
 230:libDaisy/Middlewares/Third_Party/FatFs/src/option/ccsbcs.c **** 	0x2591, 0x2592, 0x2593, 0x2502, 0x2524, 0x2561, 0x2562, 0x2556, 0x2555, 0x2563, 0x2551, 0x2557, 0x
 231:libDaisy/Middlewares/Third_Party/FatFs/src/option/ccsbcs.c **** 	0x2514, 0x2534, 0x252C, 0x251C, 0x2500, 0x253C, 0x255E, 0x255F, 0x255A, 0x2554, 0x2569, 0x2566, 0x
 232:libDaisy/Middlewares/Third_Party/FatFs/src/option/ccsbcs.c **** 	0x2568, 0x2564, 0x2565, 0x2559, 0x2558, 0x2552, 0x2553, 0x256B, 0x256A, 0x2518, 0x250C, 0x2588, 0x
 233:libDaisy/Middlewares/Third_Party/FatFs/src/option/ccsbcs.c **** 	0x03B1, 0x00DF, 0x0393, 0x03C0, 0x03A3, 0x03C3, 0x00B5, 0x03C4, 0x03A6, 0x0398, 0x03A9, 0x03B4, 0x
 234:libDaisy/Middlewares/Third_Party/FatFs/src/option/ccsbcs.c **** 	0x2261, 0x00B1, 0x2265, 0x2264, 0x2320, 0x2321, 0x00F7, 0x2248, 0x00B0, 0x2219, 0x00B7, 0x221A, 0x
 235:libDaisy/Middlewares/Third_Party/FatFs/src/option/ccsbcs.c **** };
 236:libDaisy/Middlewares/Third_Party/FatFs/src/option/ccsbcs.c **** 
 237:libDaisy/Middlewares/Third_Party/FatFs/src/option/ccsbcs.c **** #elif _CODE_PAGE == 866
 238:libDaisy/Middlewares/Third_Party/FatFs/src/option/ccsbcs.c **** #define _TBLDEF 1
 239:libDaisy/Middlewares/Third_Party/FatFs/src/option/ccsbcs.c **** static
 240:libDaisy/Middlewares/Third_Party/FatFs/src/option/ccsbcs.c **** const WCHAR Tbl[] = {	/*  CP866(0x80-0xFF) to Unicode conversion table */
 241:libDaisy/Middlewares/Third_Party/FatFs/src/option/ccsbcs.c **** 	0x0410, 0x0411, 0x0412, 0x0413, 0x0414, 0x0415, 0x0416, 0x0417, 0x0418, 0x0419, 0x041A, 0x041B, 0x
 242:libDaisy/Middlewares/Third_Party/FatFs/src/option/ccsbcs.c **** 	0x0420, 0x0421, 0x0422, 0x0423, 0x0424, 0x0425, 0x0426, 0x0427, 0x0428, 0x0429, 0x042A, 0x042B, 0x
 243:libDaisy/Middlewares/Third_Party/FatFs/src/option/ccsbcs.c **** 	0x0430, 0x0431, 0x0432, 0x0433, 0x0434, 0x0435, 0x0436, 0x0437, 0x0438, 0x0439, 0x043A, 0x043B, 0x
 244:libDaisy/Middlewares/Third_Party/FatFs/src/option/ccsbcs.c **** 	0x2591, 0x2592, 0x2593, 0x2502, 0x2524, 0x2561, 0x2562, 0x2556, 0x2555, 0x2563, 0x2551, 0x2557, 0x
 245:libDaisy/Middlewares/Third_Party/FatFs/src/option/ccsbcs.c **** 	0x2514, 0x2534, 0x252C, 0x251C, 0x2500, 0x253C, 0x255E, 0x255F, 0x255A, 0x2554, 0x2569, 0x2566, 0x
 246:libDaisy/Middlewares/Third_Party/FatFs/src/option/ccsbcs.c **** 	0x2568, 0x2564, 0x2565, 0x2559, 0x2558, 0x2552, 0x2553, 0x256B, 0x256A, 0x2518, 0x250C, 0x2588, 0x
 247:libDaisy/Middlewares/Third_Party/FatFs/src/option/ccsbcs.c **** 	0x0440, 0x0441, 0x0442, 0x0443, 0x0444, 0x0445, 0x0446, 0x0447, 0x0448, 0x0449, 0x044A, 0x044B, 0x
 248:libDaisy/Middlewares/Third_Party/FatFs/src/option/ccsbcs.c **** 	0x0401, 0x0451, 0x0404, 0x0454, 0x0407, 0x0457, 0x040E, 0x045E, 0x00B0, 0x2219, 0x00B7, 0x221A, 0x
 249:libDaisy/Middlewares/Third_Party/FatFs/src/option/ccsbcs.c **** };
 250:libDaisy/Middlewares/Third_Party/FatFs/src/option/ccsbcs.c **** 
 251:libDaisy/Middlewares/Third_Party/FatFs/src/option/ccsbcs.c **** #elif _CODE_PAGE == 869
 252:libDaisy/Middlewares/Third_Party/FatFs/src/option/ccsbcs.c **** #define _TBLDEF 1
 253:libDaisy/Middlewares/Third_Party/FatFs/src/option/ccsbcs.c **** static
 254:libDaisy/Middlewares/Third_Party/FatFs/src/option/ccsbcs.c **** const WCHAR Tbl[] = {	/*  CP869(0x80-0xFF) to Unicode conversion table */
 255:libDaisy/Middlewares/Third_Party/FatFs/src/option/ccsbcs.c **** 	0x00B7, 0x00B7, 0x00B7, 0x00B7, 0x00B7, 0x00B7, 0x0386, 0x00B7, 0x00B7, 0x00AC, 0x00A6, 0x2018, 0x
 256:libDaisy/Middlewares/Third_Party/FatFs/src/option/ccsbcs.c **** 	0x038A, 0x03AA, 0x038C, 0x00B7, 0x00B7, 0x038E, 0x03AB, 0x00A9, 0x038F, 0x00B2, 0x00B3, 0x03AC, 0x
 257:libDaisy/Middlewares/Third_Party/FatFs/src/option/ccsbcs.c **** 	0x03CA, 0x0390, 0x03CC, 0x03CD, 0x0391, 0x0392, 0x0393, 0x0394, 0x0395, 0x0396, 0x0397, 0x00BD, 0x
ARM GAS  C:\Users\yaman\AppData\Local\Temp\cc4iUAAj.s 			page 6


 258:libDaisy/Middlewares/Third_Party/FatFs/src/option/ccsbcs.c **** 	0x2591, 0x2592, 0x2593, 0x2502, 0x2524, 0x039A, 0x039B, 0x039C, 0x039D, 0x2563, 0x2551, 0x2557, 0x
 259:libDaisy/Middlewares/Third_Party/FatFs/src/option/ccsbcs.c **** 	0x2514, 0x2534, 0x252C, 0x251C, 0x2500, 0x253C, 0x0A30, 0x03A1, 0x255A, 0x2554, 0x2569, 0x2566, 0x
 260:libDaisy/Middlewares/Third_Party/FatFs/src/option/ccsbcs.c **** 	0x03A4, 0x03A5, 0x03A6, 0x03A7, 0x03A8, 0x03A9, 0x03B1, 0x03B2, 0x03B3, 0x2518, 0x250C, 0x2588, 0x
 261:libDaisy/Middlewares/Third_Party/FatFs/src/option/ccsbcs.c **** 	0x03B6, 0x03B7, 0x03B8, 0x03B9, 0x03BA, 0x03BB, 0x03BC, 0x03BD, 0x03BE, 0x03BF, 0x03C0, 0x03C1, 0x
 262:libDaisy/Middlewares/Third_Party/FatFs/src/option/ccsbcs.c **** 	0x00AD, 0x00B1, 0x03C5, 0x03C6, 0x03C7, 0x00A7, 0x03C8, 0x0385, 0x00B0, 0x00A8, 0x03C9, 0x03CB, 0x
 263:libDaisy/Middlewares/Third_Party/FatFs/src/option/ccsbcs.c **** };
 264:libDaisy/Middlewares/Third_Party/FatFs/src/option/ccsbcs.c **** 
 265:libDaisy/Middlewares/Third_Party/FatFs/src/option/ccsbcs.c **** #endif
 266:libDaisy/Middlewares/Third_Party/FatFs/src/option/ccsbcs.c **** 
 267:libDaisy/Middlewares/Third_Party/FatFs/src/option/ccsbcs.c **** 
 268:libDaisy/Middlewares/Third_Party/FatFs/src/option/ccsbcs.c **** #if !_TBLDEF || !_USE_LFN
 269:libDaisy/Middlewares/Third_Party/FatFs/src/option/ccsbcs.c **** #error This file is not needed at current configuration. Remove from the project.
 270:libDaisy/Middlewares/Third_Party/FatFs/src/option/ccsbcs.c **** #endif
 271:libDaisy/Middlewares/Third_Party/FatFs/src/option/ccsbcs.c **** 
 272:libDaisy/Middlewares/Third_Party/FatFs/src/option/ccsbcs.c **** 
 273:libDaisy/Middlewares/Third_Party/FatFs/src/option/ccsbcs.c **** 
 274:libDaisy/Middlewares/Third_Party/FatFs/src/option/ccsbcs.c **** 
 275:libDaisy/Middlewares/Third_Party/FatFs/src/option/ccsbcs.c **** WCHAR ff_convert (	/* Converted character, Returns zero on error */
 276:libDaisy/Middlewares/Third_Party/FatFs/src/option/ccsbcs.c **** 	WCHAR	chr,	/* Character code to be converted */
 277:libDaisy/Middlewares/Third_Party/FatFs/src/option/ccsbcs.c **** 	UINT	dir		/* 0: Unicode to OEM code, 1: OEM code to Unicode */
 278:libDaisy/Middlewares/Third_Party/FatFs/src/option/ccsbcs.c **** )
 279:libDaisy/Middlewares/Third_Party/FatFs/src/option/ccsbcs.c **** {
  30              		.loc 1 279 1 view -0
  31              		.cfi_startproc
  32              		@ args = 0, pretend = 0, frame = 0
  33              		@ frame_needed = 0, uses_anonymous_args = 0
  34              		@ link register save eliminated.
 280:libDaisy/Middlewares/Third_Party/FatFs/src/option/ccsbcs.c **** 	WCHAR c;
  35              		.loc 1 280 2 view .LVU1
 281:libDaisy/Middlewares/Third_Party/FatFs/src/option/ccsbcs.c **** 
 282:libDaisy/Middlewares/Third_Party/FatFs/src/option/ccsbcs.c **** 
 283:libDaisy/Middlewares/Third_Party/FatFs/src/option/ccsbcs.c **** 	if (chr < 0x80) {	/* ASCII */
  36              		.loc 1 283 2 view .LVU2
  37              		.loc 1 283 5 is_stmt 0 view .LVU3
  38 0000 7F28     		cmp	r0, #127
  39 0002 12D9     		bls	.L2
 284:libDaisy/Middlewares/Third_Party/FatFs/src/option/ccsbcs.c **** 		c = chr;
 285:libDaisy/Middlewares/Third_Party/FatFs/src/option/ccsbcs.c **** 
 286:libDaisy/Middlewares/Third_Party/FatFs/src/option/ccsbcs.c **** 	} else {
 287:libDaisy/Middlewares/Third_Party/FatFs/src/option/ccsbcs.c **** 		if (dir) {		/* OEM code to Unicode */
  40              		.loc 1 287 3 is_stmt 1 view .LVU4
  41              		.loc 1 287 6 is_stmt 0 view .LVU5
  42 0004 71B9     		cbnz	r1, .L10
  43 0006 0C4B     		ldr	r3, .L13
  44 0008 01E0     		b	.L5
  45              	.LVL1:
  46              	.L11:
 288:libDaisy/Middlewares/Third_Party/FatFs/src/option/ccsbcs.c **** 			c = (chr >= 0x100) ? 0 : Tbl[chr - 0x80];
 289:libDaisy/Middlewares/Third_Party/FatFs/src/option/ccsbcs.c **** 
 290:libDaisy/Middlewares/Third_Party/FatFs/src/option/ccsbcs.c **** 		} else {		/* Unicode to OEM code */
 291:libDaisy/Middlewares/Third_Party/FatFs/src/option/ccsbcs.c **** 			for (c = 0; c < 0x80; c++) {
  47              		.loc 1 291 4 discriminator 2 view .LVU6
  48 000a 8029     		cmp	r1, #128
  49 000c 0CD0     		beq	.L7
  50              	.LVL2:
  51              	.L5:
  52              		.loc 1 291 26 is_stmt 1 view .LVU7
ARM GAS  C:\Users\yaman\AppData\Local\Temp\cc4iUAAj.s 			page 7


  53              		.loc 1 291 16 view .LVU8
 292:libDaisy/Middlewares/Third_Party/FatFs/src/option/ccsbcs.c **** 				if (chr == Tbl[c]) break;
  54              		.loc 1 292 19 is_stmt 0 view .LVU9
  55 000e 33F8022B 		ldrh	r2, [r3], #2
  56 0012 1FFA81FC 		uxth	ip, r1
  57              	.LVL3:
  58              		.loc 1 292 5 is_stmt 1 view .LVU10
 291:libDaisy/Middlewares/Third_Party/FatFs/src/option/ccsbcs.c **** 				if (chr == Tbl[c]) break;
  59              		.loc 1 291 4 is_stmt 0 view .LVU11
  60 0016 0131     		adds	r1, r1, #1
  61              		.loc 1 292 8 view .LVU12
  62 0018 8242     		cmp	r2, r0
  63 001a F6D1     		bne	.L11
 293:libDaisy/Middlewares/Third_Party/FatFs/src/option/ccsbcs.c **** 			}
 294:libDaisy/Middlewares/Third_Party/FatFs/src/option/ccsbcs.c **** 			c = (c + 0x80) & 0xFF;
  64              		.loc 1 294 11 view .LVU13
  65 001c 0CF18000 		add	r0, ip, #128
  66              	.LVL4:
  67              		.loc 1 294 11 view .LVU14
  68 0020 80B2     		uxth	r0, r0
  69              		.loc 1 294 4 is_stmt 1 view .LVU15
  70              	.LVL5:
  71              		.loc 1 294 4 is_stmt 0 view .LVU16
  72 0022 7047     		bx	lr
  73              	.LVL6:
  74              	.L10:
 288:libDaisy/Middlewares/Third_Party/FatFs/src/option/ccsbcs.c **** 
  75              		.loc 1 288 4 is_stmt 1 view .LVU17
 288:libDaisy/Middlewares/Third_Party/FatFs/src/option/ccsbcs.c **** 
  76              		.loc 1 288 6 is_stmt 0 view .LVU18
  77 0024 FF28     		cmp	r0, #255
  78 0026 01D9     		bls	.L12
  79              	.LVL7:
  80              	.L7:
 288:libDaisy/Middlewares/Third_Party/FatFs/src/option/ccsbcs.c **** 
  81              		.loc 1 288 6 view .LVU19
  82 0028 0020     		movs	r0, #0
  83              	.LVL8:
  84              	.L2:
 295:libDaisy/Middlewares/Third_Party/FatFs/src/option/ccsbcs.c **** 		}
 296:libDaisy/Middlewares/Third_Party/FatFs/src/option/ccsbcs.c **** 	}
 297:libDaisy/Middlewares/Third_Party/FatFs/src/option/ccsbcs.c **** 
 298:libDaisy/Middlewares/Third_Party/FatFs/src/option/ccsbcs.c **** 	return c;
  85              		.loc 1 298 2 is_stmt 1 view .LVU20
 299:libDaisy/Middlewares/Third_Party/FatFs/src/option/ccsbcs.c **** }
  86              		.loc 1 299 1 is_stmt 0 view .LVU21
  87 002a 7047     		bx	lr
  88              	.LVL9:
  89              	.L12:
 288:libDaisy/Middlewares/Third_Party/FatFs/src/option/ccsbcs.c **** 
  90              		.loc 1 288 6 discriminator 1 view .LVU22
  91 002c 024B     		ldr	r3, .L13
  92 002e 8038     		subs	r0, r0, #128
  93              	.LVL10:
 288:libDaisy/Middlewares/Third_Party/FatFs/src/option/ccsbcs.c **** 
  94              		.loc 1 288 6 discriminator 1 view .LVU23
  95 0030 33F81000 		ldrh	r0, [r3, r0, lsl #1]
ARM GAS  C:\Users\yaman\AppData\Local\Temp\cc4iUAAj.s 			page 8


  96 0034 7047     		bx	lr
  97              	.L14:
  98 0036 00BF     		.align	2
  99              	.L13:
 100 0038 00000000 		.word	.LANCHOR0
 101              		.cfi_endproc
 102              	.LFE320:
 104              		.section	.text.ff_wtoupper,"ax",%progbits
 105              		.align	1
 106              		.p2align 2,,3
 107              		.global	ff_wtoupper
 108              		.syntax unified
 109              		.thumb
 110              		.thumb_func
 111              		.fpu fpv5-d16
 113              	ff_wtoupper:
 114              	.LVL11:
 115              	.LFB321:
 300:libDaisy/Middlewares/Third_Party/FatFs/src/option/ccsbcs.c **** 
 301:libDaisy/Middlewares/Third_Party/FatFs/src/option/ccsbcs.c **** 
 302:libDaisy/Middlewares/Third_Party/FatFs/src/option/ccsbcs.c **** 
 303:libDaisy/Middlewares/Third_Party/FatFs/src/option/ccsbcs.c **** WCHAR ff_wtoupper (	/* Returns upper converted character */
 304:libDaisy/Middlewares/Third_Party/FatFs/src/option/ccsbcs.c **** 	WCHAR chr		/* Unicode character to be upper converted (BMP only) */
 305:libDaisy/Middlewares/Third_Party/FatFs/src/option/ccsbcs.c **** )
 306:libDaisy/Middlewares/Third_Party/FatFs/src/option/ccsbcs.c **** {
 116              		.loc 1 306 1 is_stmt 1 view -0
 117              		.cfi_startproc
 118              		@ args = 0, pretend = 0, frame = 0
 119              		@ frame_needed = 0, uses_anonymous_args = 0
 307:libDaisy/Middlewares/Third_Party/FatFs/src/option/ccsbcs.c **** 	/* Compressed upper conversion table */
 308:libDaisy/Middlewares/Third_Party/FatFs/src/option/ccsbcs.c **** 	static const WCHAR cvt1[] = {	/* U+0000 - U+0FFF */
 120              		.loc 1 308 2 view .LVU25
 309:libDaisy/Middlewares/Third_Party/FatFs/src/option/ccsbcs.c **** 		/* Basic Latin */
 310:libDaisy/Middlewares/Third_Party/FatFs/src/option/ccsbcs.c **** 		0x0061,0x031A,
 311:libDaisy/Middlewares/Third_Party/FatFs/src/option/ccsbcs.c **** 		/* Latin-1 Supplement */
 312:libDaisy/Middlewares/Third_Party/FatFs/src/option/ccsbcs.c **** 		0x00E0,0x0317,  0x00F8,0x0307,  0x00FF,0x0001,0x0178,
 313:libDaisy/Middlewares/Third_Party/FatFs/src/option/ccsbcs.c **** 		/* Latin Extended-A */
 314:libDaisy/Middlewares/Third_Party/FatFs/src/option/ccsbcs.c **** 		0x0100,0x0130,  0x0132,0x0106,  0x0139,0x0110,  0x014A,0x012E,  0x0179,0x0106,
 315:libDaisy/Middlewares/Third_Party/FatFs/src/option/ccsbcs.c **** 		/* Latin Extended-B */
 316:libDaisy/Middlewares/Third_Party/FatFs/src/option/ccsbcs.c **** 		0x0180,0x004D,0x0243,0x0181,0x0182,0x0182,0x0184,0x0184,0x0186,0x0187,0x0187,0x0189,0x018A,0x018B
 317:libDaisy/Middlewares/Third_Party/FatFs/src/option/ccsbcs.c **** 		0x01CD,0x0110,  0x01DD,0x0001,0x018E,  0x01DE,0x0112,  0x01F3,0x0003,0x01F1,0x01F4,0x01F4,  0x01F
 318:libDaisy/Middlewares/Third_Party/FatFs/src/option/ccsbcs.c **** 		0x0222,0x0112,  0x023A,0x0009,0x2C65,0x023B,0x023B,0x023D,0x2C66,0x023F,0x0240,0x0241,0x0241,  0x
 319:libDaisy/Middlewares/Third_Party/FatFs/src/option/ccsbcs.c **** 		/* IPA Extensions */
 320:libDaisy/Middlewares/Third_Party/FatFs/src/option/ccsbcs.c **** 		0x0253,0x0040,0x0181,0x0186,0x0255,0x0189,0x018A,0x0258,0x018F,0x025A,0x0190,0x025C,0x025D,0x025E
 321:libDaisy/Middlewares/Third_Party/FatFs/src/option/ccsbcs.c **** 		/* Greek, Coptic */
 322:libDaisy/Middlewares/Third_Party/FatFs/src/option/ccsbcs.c **** 		0x037B,0x0003,0x03FD,0x03FE,0x03FF,  0x03AC,0x0004,0x0386,0x0388,0x0389,0x038A,  0x03B1,0x0311,
 323:libDaisy/Middlewares/Third_Party/FatFs/src/option/ccsbcs.c **** 		0x03C2,0x0002,0x03A3,0x03A3,  0x03C4,0x0308,  0x03CC,0x0003,0x038C,0x038E,0x038F,  0x03D8,0x0118,
 324:libDaisy/Middlewares/Third_Party/FatFs/src/option/ccsbcs.c **** 		0x03F2,0x000A,0x03F9,0x03F3,0x03F4,0x03F5,0x03F6,0x03F7,0x03F7,0x03F9,0x03FA,0x03FA,
 325:libDaisy/Middlewares/Third_Party/FatFs/src/option/ccsbcs.c **** 		/* Cyrillic */
 326:libDaisy/Middlewares/Third_Party/FatFs/src/option/ccsbcs.c **** 		0x0430,0x0320,  0x0450,0x0710,  0x0460,0x0122,  0x048A,0x0136,  0x04C1,0x010E,  0x04CF,0x0001,0x0
 327:libDaisy/Middlewares/Third_Party/FatFs/src/option/ccsbcs.c **** 		/* Armenian */
 328:libDaisy/Middlewares/Third_Party/FatFs/src/option/ccsbcs.c **** 		0x0561,0x0426,
 329:libDaisy/Middlewares/Third_Party/FatFs/src/option/ccsbcs.c **** 
 330:libDaisy/Middlewares/Third_Party/FatFs/src/option/ccsbcs.c **** 		0x0000
 331:libDaisy/Middlewares/Third_Party/FatFs/src/option/ccsbcs.c **** 	};
 332:libDaisy/Middlewares/Third_Party/FatFs/src/option/ccsbcs.c **** 	static const WCHAR cvt2[] = {	/* U+1000 - U+FFFF */
 121              		.loc 1 332 2 view .LVU26
ARM GAS  C:\Users\yaman\AppData\Local\Temp\cc4iUAAj.s 			page 9


 333:libDaisy/Middlewares/Third_Party/FatFs/src/option/ccsbcs.c **** 		/* Phonetic Extensions */
 334:libDaisy/Middlewares/Third_Party/FatFs/src/option/ccsbcs.c **** 		0x1D7D,0x0001,0x2C63,
 335:libDaisy/Middlewares/Third_Party/FatFs/src/option/ccsbcs.c **** 		/* Latin Extended Additional */
 336:libDaisy/Middlewares/Third_Party/FatFs/src/option/ccsbcs.c **** 		0x1E00,0x0196,  0x1EA0,0x015A,
 337:libDaisy/Middlewares/Third_Party/FatFs/src/option/ccsbcs.c **** 		/* Greek Extended */
 338:libDaisy/Middlewares/Third_Party/FatFs/src/option/ccsbcs.c **** 		0x1F00,0x0608,  0x1F10,0x0606,  0x1F20,0x0608,  0x1F30,0x0608,  0x1F40,0x0606,
 339:libDaisy/Middlewares/Third_Party/FatFs/src/option/ccsbcs.c **** 		0x1F51,0x0007,0x1F59,0x1F52,0x1F5B,0x1F54,0x1F5D,0x1F56,0x1F5F,  0x1F60,0x0608,
 340:libDaisy/Middlewares/Third_Party/FatFs/src/option/ccsbcs.c **** 		0x1F70,0x000E,0x1FBA,0x1FBB,0x1FC8,0x1FC9,0x1FCA,0x1FCB,0x1FDA,0x1FDB,0x1FF8,0x1FF9,0x1FEA,0x1FEB
 341:libDaisy/Middlewares/Third_Party/FatFs/src/option/ccsbcs.c **** 		0x1F80,0x0608,  0x1F90,0x0608,  0x1FA0,0x0608,  0x1FB0,0x0004,0x1FB8,0x1FB9,0x1FB2,0x1FBC,
 342:libDaisy/Middlewares/Third_Party/FatFs/src/option/ccsbcs.c **** 		0x1FCC,0x0001,0x1FC3,  0x1FD0,0x0602,  0x1FE0,0x0602,  0x1FE5,0x0001,0x1FEC,  0x1FF2,0x0001,0x1FF
 343:libDaisy/Middlewares/Third_Party/FatFs/src/option/ccsbcs.c **** 		/* Letterlike Symbols */
 344:libDaisy/Middlewares/Third_Party/FatFs/src/option/ccsbcs.c **** 		0x214E,0x0001,0x2132,
 345:libDaisy/Middlewares/Third_Party/FatFs/src/option/ccsbcs.c **** 		/* Number forms */
 346:libDaisy/Middlewares/Third_Party/FatFs/src/option/ccsbcs.c **** 		0x2170,0x0210,  0x2184,0x0001,0x2183,
 347:libDaisy/Middlewares/Third_Party/FatFs/src/option/ccsbcs.c **** 		/* Enclosed Alphanumerics */
 348:libDaisy/Middlewares/Third_Party/FatFs/src/option/ccsbcs.c **** 		0x24D0,0x051A,  0x2C30,0x042F,
 349:libDaisy/Middlewares/Third_Party/FatFs/src/option/ccsbcs.c **** 		/* Latin Extended-C */
 350:libDaisy/Middlewares/Third_Party/FatFs/src/option/ccsbcs.c **** 		0x2C60,0x0102,  0x2C67,0x0106, 0x2C75,0x0102,
 351:libDaisy/Middlewares/Third_Party/FatFs/src/option/ccsbcs.c **** 		/* Coptic */
 352:libDaisy/Middlewares/Third_Party/FatFs/src/option/ccsbcs.c **** 		0x2C80,0x0164,
 353:libDaisy/Middlewares/Third_Party/FatFs/src/option/ccsbcs.c **** 		/* Georgian Supplement */
 354:libDaisy/Middlewares/Third_Party/FatFs/src/option/ccsbcs.c **** 		0x2D00,0x0826,
 355:libDaisy/Middlewares/Third_Party/FatFs/src/option/ccsbcs.c **** 		/* Full-width */
 356:libDaisy/Middlewares/Third_Party/FatFs/src/option/ccsbcs.c **** 		0xFF41,0x031A,
 357:libDaisy/Middlewares/Third_Party/FatFs/src/option/ccsbcs.c **** 
 358:libDaisy/Middlewares/Third_Party/FatFs/src/option/ccsbcs.c **** 		0x0000
 359:libDaisy/Middlewares/Third_Party/FatFs/src/option/ccsbcs.c **** 	};
 360:libDaisy/Middlewares/Third_Party/FatFs/src/option/ccsbcs.c **** 	const WCHAR *p;
 122              		.loc 1 360 2 view .LVU27
 361:libDaisy/Middlewares/Third_Party/FatFs/src/option/ccsbcs.c **** 	WCHAR bc, nc, cmd;
 123              		.loc 1 361 2 view .LVU28
 362:libDaisy/Middlewares/Third_Party/FatFs/src/option/ccsbcs.c **** 
 363:libDaisy/Middlewares/Third_Party/FatFs/src/option/ccsbcs.c **** 
 364:libDaisy/Middlewares/Third_Party/FatFs/src/option/ccsbcs.c **** 	p = chr < 0x1000 ? cvt1 : cvt2;
 124              		.loc 1 364 2 view .LVU29
 125              		.loc 1 364 26 is_stmt 0 view .LVU30
 126 0000 224B     		ldr	r3, .L35
 127 0002 234A     		ldr	r2, .L35+4
 128 0004 B0F5805F 		cmp	r0, #4096
 129 0008 28BF     		it	cs
 130 000a 1346     		movcs	r3, r2
 306:libDaisy/Middlewares/Third_Party/FatFs/src/option/ccsbcs.c **** 	/* Compressed upper conversion table */
 131              		.loc 1 306 1 view .LVU31
 132 000c 10B5     		push	{r4, lr}
 133              		.cfi_def_cfa_offset 8
 134              		.cfi_offset 4, -8
 135              		.cfi_offset 14, -4
 136              	.L30:
 137 000e 0433     		adds	r3, r3, #4
 138 0010 01E0     		b	.L29
 139              	.LVL12:
 140              	.L18:
 365:libDaisy/Middlewares/Third_Party/FatFs/src/option/ccsbcs.c **** 	for (;;) {
 366:libDaisy/Middlewares/Third_Party/FatFs/src/option/ccsbcs.c **** 		bc = *p++;								/* Get block base */
 367:libDaisy/Middlewares/Third_Party/FatFs/src/option/ccsbcs.c **** 		if (!bc || chr < bc) break;
 368:libDaisy/Middlewares/Third_Party/FatFs/src/option/ccsbcs.c **** 		nc = *p++; cmd = nc >> 8; nc &= 0xFF;	/* Get processing command and block size */
 369:libDaisy/Middlewares/Third_Party/FatFs/src/option/ccsbcs.c **** 		if (chr < bc + nc) {	/* In the block? */
ARM GAS  C:\Users\yaman\AppData\Local\Temp\cc4iUAAj.s 			page 10


 370:libDaisy/Middlewares/Third_Party/FatFs/src/option/ccsbcs.c **** 			switch (cmd) {
 371:libDaisy/Middlewares/Third_Party/FatFs/src/option/ccsbcs.c **** 			case 0:	chr = p[chr - bc]; break;		/* Table conversion */
 372:libDaisy/Middlewares/Third_Party/FatFs/src/option/ccsbcs.c **** 			case 1:	chr -= (chr - bc) & 1; break;	/* Case pairs */
 373:libDaisy/Middlewares/Third_Party/FatFs/src/option/ccsbcs.c **** 			case 2: chr -= 16; break;				/* Shift -16 */
 374:libDaisy/Middlewares/Third_Party/FatFs/src/option/ccsbcs.c **** 			case 3:	chr -= 32; break;				/* Shift -32 */
 375:libDaisy/Middlewares/Third_Party/FatFs/src/option/ccsbcs.c **** 			case 4:	chr -= 48; break;				/* Shift -48 */
 376:libDaisy/Middlewares/Third_Party/FatFs/src/option/ccsbcs.c **** 			case 5:	chr -= 26; break;				/* Shift -26 */
 377:libDaisy/Middlewares/Third_Party/FatFs/src/option/ccsbcs.c **** 			case 6:	chr += 8; break;				/* Shift +8 */
 378:libDaisy/Middlewares/Third_Party/FatFs/src/option/ccsbcs.c **** 			case 7: chr -= 80; break;				/* Shift -80 */
 379:libDaisy/Middlewares/Third_Party/FatFs/src/option/ccsbcs.c **** 			case 8:	chr -= 0x1C60; break;			/* Shift -0x1C60 */
 380:libDaisy/Middlewares/Third_Party/FatFs/src/option/ccsbcs.c **** 			}
 381:libDaisy/Middlewares/Third_Party/FatFs/src/option/ccsbcs.c **** 			break;
 382:libDaisy/Middlewares/Third_Party/FatFs/src/option/ccsbcs.c **** 		}
 383:libDaisy/Middlewares/Third_Party/FatFs/src/option/ccsbcs.c **** 		if (!cmd) p += nc;
 141              		.loc 1 383 6 view .LVU32
 142 0012 0433     		adds	r3, r3, #4
 143              	.LVL13:
 144              		.loc 1 383 6 view .LVU33
 145 0014 DAB1     		cbz	r2, .L34
 146              	.LVL14:
 147              	.L29:
 365:libDaisy/Middlewares/Third_Party/FatFs/src/option/ccsbcs.c **** 	for (;;) {
 148              		.loc 1 365 2 is_stmt 1 view .LVU34
 366:libDaisy/Middlewares/Third_Party/FatFs/src/option/ccsbcs.c **** 		if (!bc || chr < bc) break;
 149              		.loc 1 366 3 view .LVU35
 368:libDaisy/Middlewares/Third_Party/FatFs/src/option/ccsbcs.c **** 		if (chr < bc + nc) {	/* In the block? */
 150              		.loc 1 368 3 view .LVU36
 151              		.loc 1 383 3 view .LVU37
 366:libDaisy/Middlewares/Third_Party/FatFs/src/option/ccsbcs.c **** 		if (!bc || chr < bc) break;
 152              		.loc 1 366 6 is_stmt 0 view .LVU38
 153 0016 33F8041C 		ldrh	r1, [r3, #-4]
 154              	.LVL15:
 367:libDaisy/Middlewares/Third_Party/FatFs/src/option/ccsbcs.c **** 		nc = *p++; cmd = nc >> 8; nc &= 0xFF;	/* Get processing command and block size */
 155              		.loc 1 367 3 is_stmt 1 view .LVU39
 156 001a 1C46     		mov	r4, r3
 367:libDaisy/Middlewares/Third_Party/FatFs/src/option/ccsbcs.c **** 		nc = *p++; cmd = nc >> 8; nc &= 0xFF;	/* Get processing command and block size */
 157              		.loc 1 367 6 is_stmt 0 view .LVU40
 158 001c B1B1     		cbz	r1, .L17
 159 001e 8842     		cmp	r0, r1
 160 0020 14D3     		bcc	.L17
 368:libDaisy/Middlewares/Third_Party/FatFs/src/option/ccsbcs.c **** 		if (chr < bc + nc) {	/* In the block? */
 161              		.loc 1 368 6 view .LVU41
 162 0022 33F8022C 		ldrh	r2, [r3, #-2]
 163              	.LVL16:
 368:libDaisy/Middlewares/Third_Party/FatFs/src/option/ccsbcs.c **** 		if (chr < bc + nc) {	/* In the block? */
 164              		.loc 1 368 14 is_stmt 1 view .LVU42
 368:libDaisy/Middlewares/Third_Party/FatFs/src/option/ccsbcs.c **** 		if (chr < bc + nc) {	/* In the block? */
 165              		.loc 1 368 32 is_stmt 0 view .LVU43
 166 0026 5FFA82FC 		uxtb	ip, r2
 368:libDaisy/Middlewares/Third_Party/FatFs/src/option/ccsbcs.c **** 		if (chr < bc + nc) {	/* In the block? */
 167              		.loc 1 368 18 view .LVU44
 168 002a 120A     		lsrs	r2, r2, #8
 169              	.LVL17:
 368:libDaisy/Middlewares/Third_Party/FatFs/src/option/ccsbcs.c **** 		if (chr < bc + nc) {	/* In the block? */
 170              		.loc 1 368 29 is_stmt 1 view .LVU45
 369:libDaisy/Middlewares/Third_Party/FatFs/src/option/ccsbcs.c **** 			switch (cmd) {
 171              		.loc 1 369 3 view .LVU46
ARM GAS  C:\Users\yaman\AppData\Local\Temp\cc4iUAAj.s 			page 11


 369:libDaisy/Middlewares/Third_Party/FatFs/src/option/ccsbcs.c **** 			switch (cmd) {
 172              		.loc 1 369 16 is_stmt 0 view .LVU47
 173 002c 0CEB010E 		add	lr, ip, r1
 369:libDaisy/Middlewares/Third_Party/FatFs/src/option/ccsbcs.c **** 			switch (cmd) {
 174              		.loc 1 369 6 view .LVU48
 175 0030 7045     		cmp	r0, lr
 176 0032 EEDA     		bge	.L18
 370:libDaisy/Middlewares/Third_Party/FatFs/src/option/ccsbcs.c **** 			case 0:	chr = p[chr - bc]; break;		/* Table conversion */
 177              		.loc 1 370 4 is_stmt 1 view .LVU49
 178 0034 082A     		cmp	r2, #8
 179 0036 09D8     		bhi	.L17
 180 0038 DFE802F0 		tbb	[pc, r2]
 181              	.L20:
 182 003c 05       		.byte	(.L28-.L20)/2
 183 003d 10       		.byte	(.L27-.L20)/2
 184 003e 16       		.byte	(.L26-.L20)/2
 185 003f 19       		.byte	(.L25-.L20)/2
 186 0040 1C       		.byte	(.L24-.L20)/2
 187 0041 1F       		.byte	(.L23-.L20)/2
 188 0042 22       		.byte	(.L22-.L20)/2
 189 0043 25       		.byte	(.L21-.L20)/2
 190 0044 0C       		.byte	(.L19-.L20)/2
 191 0045 00       		.p2align 1
 192              	.L28:
 371:libDaisy/Middlewares/Third_Party/FatFs/src/option/ccsbcs.c **** 			case 1:	chr -= (chr - bc) & 1; break;	/* Case pairs */
 193              		.loc 1 371 12 view .LVU50
 371:libDaisy/Middlewares/Third_Party/FatFs/src/option/ccsbcs.c **** 			case 1:	chr -= (chr - bc) & 1; break;	/* Case pairs */
 194              		.loc 1 371 24 is_stmt 0 view .LVU51
 195 0046 411A     		subs	r1, r0, r1
 196              	.LVL18:
 371:libDaisy/Middlewares/Third_Party/FatFs/src/option/ccsbcs.c **** 			case 1:	chr -= (chr - bc) & 1; break;	/* Case pairs */
 197              		.loc 1 371 16 view .LVU52
 198 0048 33F81100 		ldrh	r0, [r3, r1, lsl #1]
 199              	.LVL19:
 371:libDaisy/Middlewares/Third_Party/FatFs/src/option/ccsbcs.c **** 			case 1:	chr -= (chr - bc) & 1; break;	/* Case pairs */
 200              		.loc 1 371 31 is_stmt 1 view .LVU53
 201              	.L17:
 384:libDaisy/Middlewares/Third_Party/FatFs/src/option/ccsbcs.c **** 	}
 385:libDaisy/Middlewares/Third_Party/FatFs/src/option/ccsbcs.c **** 
 386:libDaisy/Middlewares/Third_Party/FatFs/src/option/ccsbcs.c **** 	return chr;
 202              		.loc 1 386 2 view .LVU54
 387:libDaisy/Middlewares/Third_Party/FatFs/src/option/ccsbcs.c **** }
 203              		.loc 1 387 1 is_stmt 0 view .LVU55
 204 004c 10BD     		pop	{r4, pc}
 205              	.LVL20:
 206              	.L34:
 383:libDaisy/Middlewares/Third_Party/FatFs/src/option/ccsbcs.c **** 	}
 207              		.loc 1 383 13 is_stmt 1 discriminator 1 view .LVU56
 383:libDaisy/Middlewares/Third_Party/FatFs/src/option/ccsbcs.c **** 	}
 208              		.loc 1 383 15 is_stmt 0 discriminator 1 view .LVU57
 209 004e 04EB4C03 		add	r3, r4, ip, lsl #1
 210              	.LVL21:
 383:libDaisy/Middlewares/Third_Party/FatFs/src/option/ccsbcs.c **** 	}
 211              		.loc 1 383 15 discriminator 1 view .LVU58
 212 0052 DCE7     		b	.L30
 213              	.L19:
 379:libDaisy/Middlewares/Third_Party/FatFs/src/option/ccsbcs.c **** 			}
ARM GAS  C:\Users\yaman\AppData\Local\Temp\cc4iUAAj.s 			page 12


 214              		.loc 1 379 12 is_stmt 1 view .LVU59
 379:libDaisy/Middlewares/Third_Party/FatFs/src/option/ccsbcs.c **** 			}
 215              		.loc 1 379 16 is_stmt 0 view .LVU60
 216 0054 A0F5E350 		sub	r0, r0, #7264
 217              	.LVL22:
 379:libDaisy/Middlewares/Third_Party/FatFs/src/option/ccsbcs.c **** 			}
 218              		.loc 1 379 16 view .LVU61
 219 0058 80B2     		uxth	r0, r0
 220              	.LVL23:
 379:libDaisy/Middlewares/Third_Party/FatFs/src/option/ccsbcs.c **** 			}
 221              		.loc 1 379 27 is_stmt 1 view .LVU62
 386:libDaisy/Middlewares/Third_Party/FatFs/src/option/ccsbcs.c **** }
 222              		.loc 1 386 2 view .LVU63
 223              		.loc 1 387 1 is_stmt 0 view .LVU64
 224 005a 10BD     		pop	{r4, pc}
 225              	.L27:
 372:libDaisy/Middlewares/Third_Party/FatFs/src/option/ccsbcs.c **** 			case 2: chr -= 16; break;				/* Shift -16 */
 226              		.loc 1 372 12 is_stmt 1 view .LVU65
 372:libDaisy/Middlewares/Third_Party/FatFs/src/option/ccsbcs.c **** 			case 2: chr -= 16; break;				/* Shift -16 */
 227              		.loc 1 372 30 is_stmt 0 view .LVU66
 228 005c 431A     		subs	r3, r0, r1
 229              	.LVL24:
 372:libDaisy/Middlewares/Third_Party/FatFs/src/option/ccsbcs.c **** 			case 2: chr -= 16; break;				/* Shift -16 */
 230              		.loc 1 372 30 view .LVU67
 231 005e 03F00103 		and	r3, r3, #1
 372:libDaisy/Middlewares/Third_Party/FatFs/src/option/ccsbcs.c **** 			case 2: chr -= 16; break;				/* Shift -16 */
 232              		.loc 1 372 16 view .LVU68
 233 0062 C01A     		subs	r0, r0, r3
 234              	.LVL25:
 372:libDaisy/Middlewares/Third_Party/FatFs/src/option/ccsbcs.c **** 			case 2: chr -= 16; break;				/* Shift -16 */
 235              		.loc 1 372 16 view .LVU69
 236 0064 80B2     		uxth	r0, r0
 237              	.LVL26:
 372:libDaisy/Middlewares/Third_Party/FatFs/src/option/ccsbcs.c **** 			case 2: chr -= 16; break;				/* Shift -16 */
 238              		.loc 1 372 35 is_stmt 1 view .LVU70
 386:libDaisy/Middlewares/Third_Party/FatFs/src/option/ccsbcs.c **** }
 239              		.loc 1 386 2 view .LVU71
 240              		.loc 1 387 1 is_stmt 0 view .LVU72
 241 0066 10BD     		pop	{r4, pc}
 242              	.LVL27:
 243              	.L26:
 373:libDaisy/Middlewares/Third_Party/FatFs/src/option/ccsbcs.c **** 			case 3:	chr -= 32; break;				/* Shift -32 */
 244              		.loc 1 373 12 is_stmt 1 view .LVU73
 373:libDaisy/Middlewares/Third_Party/FatFs/src/option/ccsbcs.c **** 			case 3:	chr -= 32; break;				/* Shift -32 */
 245              		.loc 1 373 16 is_stmt 0 view .LVU74
 246 0068 1038     		subs	r0, r0, #16
 247              	.LVL28:
 373:libDaisy/Middlewares/Third_Party/FatFs/src/option/ccsbcs.c **** 			case 3:	chr -= 32; break;				/* Shift -32 */
 248              		.loc 1 373 16 view .LVU75
 249 006a 80B2     		uxth	r0, r0
 250              	.LVL29:
 373:libDaisy/Middlewares/Third_Party/FatFs/src/option/ccsbcs.c **** 			case 3:	chr -= 32; break;				/* Shift -32 */
 251              		.loc 1 373 23 is_stmt 1 view .LVU76
 386:libDaisy/Middlewares/Third_Party/FatFs/src/option/ccsbcs.c **** }
 252              		.loc 1 386 2 view .LVU77
 253              		.loc 1 387 1 is_stmt 0 view .LVU78
 254 006c 10BD     		pop	{r4, pc}
ARM GAS  C:\Users\yaman\AppData\Local\Temp\cc4iUAAj.s 			page 13


 255              	.L25:
 374:libDaisy/Middlewares/Third_Party/FatFs/src/option/ccsbcs.c **** 			case 4:	chr -= 48; break;				/* Shift -48 */
 256              		.loc 1 374 12 is_stmt 1 view .LVU79
 374:libDaisy/Middlewares/Third_Party/FatFs/src/option/ccsbcs.c **** 			case 4:	chr -= 48; break;				/* Shift -48 */
 257              		.loc 1 374 16 is_stmt 0 view .LVU80
 258 006e 2038     		subs	r0, r0, #32
 259              	.LVL30:
 374:libDaisy/Middlewares/Third_Party/FatFs/src/option/ccsbcs.c **** 			case 4:	chr -= 48; break;				/* Shift -48 */
 260              		.loc 1 374 16 view .LVU81
 261 0070 80B2     		uxth	r0, r0
 262              	.LVL31:
 374:libDaisy/Middlewares/Third_Party/FatFs/src/option/ccsbcs.c **** 			case 4:	chr -= 48; break;				/* Shift -48 */
 263              		.loc 1 374 23 is_stmt 1 view .LVU82
 386:libDaisy/Middlewares/Third_Party/FatFs/src/option/ccsbcs.c **** }
 264              		.loc 1 386 2 view .LVU83
 265              		.loc 1 387 1 is_stmt 0 view .LVU84
 266 0072 10BD     		pop	{r4, pc}
 267              	.L24:
 375:libDaisy/Middlewares/Third_Party/FatFs/src/option/ccsbcs.c **** 			case 5:	chr -= 26; break;				/* Shift -26 */
 268              		.loc 1 375 12 is_stmt 1 view .LVU85
 375:libDaisy/Middlewares/Third_Party/FatFs/src/option/ccsbcs.c **** 			case 5:	chr -= 26; break;				/* Shift -26 */
 269              		.loc 1 375 16 is_stmt 0 view .LVU86
 270 0074 3038     		subs	r0, r0, #48
 271              	.LVL32:
 375:libDaisy/Middlewares/Third_Party/FatFs/src/option/ccsbcs.c **** 			case 5:	chr -= 26; break;				/* Shift -26 */
 272              		.loc 1 375 16 view .LVU87
 273 0076 80B2     		uxth	r0, r0
 274              	.LVL33:
 375:libDaisy/Middlewares/Third_Party/FatFs/src/option/ccsbcs.c **** 			case 5:	chr -= 26; break;				/* Shift -26 */
 275              		.loc 1 375 23 is_stmt 1 view .LVU88
 386:libDaisy/Middlewares/Third_Party/FatFs/src/option/ccsbcs.c **** }
 276              		.loc 1 386 2 view .LVU89
 277              		.loc 1 387 1 is_stmt 0 view .LVU90
 278 0078 10BD     		pop	{r4, pc}
 279              	.L23:
 376:libDaisy/Middlewares/Third_Party/FatFs/src/option/ccsbcs.c **** 			case 6:	chr += 8; break;				/* Shift +8 */
 280              		.loc 1 376 12 is_stmt 1 view .LVU91
 376:libDaisy/Middlewares/Third_Party/FatFs/src/option/ccsbcs.c **** 			case 6:	chr += 8; break;				/* Shift +8 */
 281              		.loc 1 376 16 is_stmt 0 view .LVU92
 282 007a 1A38     		subs	r0, r0, #26
 283              	.LVL34:
 376:libDaisy/Middlewares/Third_Party/FatFs/src/option/ccsbcs.c **** 			case 6:	chr += 8; break;				/* Shift +8 */
 284              		.loc 1 376 16 view .LVU93
 285 007c 80B2     		uxth	r0, r0
 286              	.LVL35:
 376:libDaisy/Middlewares/Third_Party/FatFs/src/option/ccsbcs.c **** 			case 6:	chr += 8; break;				/* Shift +8 */
 287              		.loc 1 376 23 is_stmt 1 view .LVU94
 386:libDaisy/Middlewares/Third_Party/FatFs/src/option/ccsbcs.c **** }
 288              		.loc 1 386 2 view .LVU95
 289              		.loc 1 387 1 is_stmt 0 view .LVU96
 290 007e 10BD     		pop	{r4, pc}
 291              	.L22:
 377:libDaisy/Middlewares/Third_Party/FatFs/src/option/ccsbcs.c **** 			case 7: chr -= 80; break;				/* Shift -80 */
 292              		.loc 1 377 12 is_stmt 1 view .LVU97
 377:libDaisy/Middlewares/Third_Party/FatFs/src/option/ccsbcs.c **** 			case 7: chr -= 80; break;				/* Shift -80 */
 293              		.loc 1 377 16 is_stmt 0 view .LVU98
 294 0080 0830     		adds	r0, r0, #8
ARM GAS  C:\Users\yaman\AppData\Local\Temp\cc4iUAAj.s 			page 14


 295              	.LVL36:
 377:libDaisy/Middlewares/Third_Party/FatFs/src/option/ccsbcs.c **** 			case 7: chr -= 80; break;				/* Shift -80 */
 296              		.loc 1 377 16 view .LVU99
 297 0082 80B2     		uxth	r0, r0
 298              	.LVL37:
 377:libDaisy/Middlewares/Third_Party/FatFs/src/option/ccsbcs.c **** 			case 7: chr -= 80; break;				/* Shift -80 */
 299              		.loc 1 377 22 is_stmt 1 view .LVU100
 386:libDaisy/Middlewares/Third_Party/FatFs/src/option/ccsbcs.c **** }
 300              		.loc 1 386 2 view .LVU101
 301              		.loc 1 387 1 is_stmt 0 view .LVU102
 302 0084 10BD     		pop	{r4, pc}
 303              	.L21:
 378:libDaisy/Middlewares/Third_Party/FatFs/src/option/ccsbcs.c **** 			case 8:	chr -= 0x1C60; break;			/* Shift -0x1C60 */
 304              		.loc 1 378 12 is_stmt 1 view .LVU103
 378:libDaisy/Middlewares/Third_Party/FatFs/src/option/ccsbcs.c **** 			case 8:	chr -= 0x1C60; break;			/* Shift -0x1C60 */
 305              		.loc 1 378 16 is_stmt 0 view .LVU104
 306 0086 5038     		subs	r0, r0, #80
 307              	.LVL38:
 378:libDaisy/Middlewares/Third_Party/FatFs/src/option/ccsbcs.c **** 			case 8:	chr -= 0x1C60; break;			/* Shift -0x1C60 */
 308              		.loc 1 378 16 view .LVU105
 309 0088 80B2     		uxth	r0, r0
 310              	.LVL39:
 378:libDaisy/Middlewares/Third_Party/FatFs/src/option/ccsbcs.c **** 			case 8:	chr -= 0x1C60; break;			/* Shift -0x1C60 */
 311              		.loc 1 378 23 is_stmt 1 view .LVU106
 386:libDaisy/Middlewares/Third_Party/FatFs/src/option/ccsbcs.c **** }
 312              		.loc 1 386 2 view .LVU107
 313              		.loc 1 387 1 is_stmt 0 view .LVU108
 314 008a 10BD     		pop	{r4, pc}
 315              	.L36:
 316              		.align	2
 317              	.L35:
 318 008c 00000000 		.word	.LANCHOR1
 319 0090 00000000 		.word	.LANCHOR2
 320              		.cfi_endproc
 321              	.LFE321:
 323              		.section	.rodata.Tbl,"a"
 324              		.align	2
 325              		.set	.LANCHOR0,. + 0
 328              	Tbl:
 329 0000 C700     		.short	199
 330 0002 FC00     		.short	252
 331 0004 E900     		.short	233
 332 0006 E200     		.short	226
 333 0008 E400     		.short	228
 334 000a E000     		.short	224
 335 000c E500     		.short	229
 336 000e E700     		.short	231
 337 0010 EA00     		.short	234
 338 0012 EB00     		.short	235
 339 0014 E800     		.short	232
 340 0016 EF00     		.short	239
 341 0018 EE00     		.short	238
 342 001a EC00     		.short	236
 343 001c C400     		.short	196
 344 001e C500     		.short	197
 345 0020 C900     		.short	201
 346 0022 E600     		.short	230
ARM GAS  C:\Users\yaman\AppData\Local\Temp\cc4iUAAj.s 			page 15


 347 0024 C600     		.short	198
 348 0026 F400     		.short	244
 349 0028 F600     		.short	246
 350 002a F200     		.short	242
 351 002c FB00     		.short	251
 352 002e F900     		.short	249
 353 0030 FF00     		.short	255
 354 0032 D600     		.short	214
 355 0034 DC00     		.short	220
 356 0036 F800     		.short	248
 357 0038 A300     		.short	163
 358 003a D800     		.short	216
 359 003c D700     		.short	215
 360 003e 9201     		.short	402
 361 0040 E100     		.short	225
 362 0042 ED00     		.short	237
 363 0044 F300     		.short	243
 364 0046 FA00     		.short	250
 365 0048 F100     		.short	241
 366 004a D100     		.short	209
 367 004c AA00     		.short	170
 368 004e BA00     		.short	186
 369 0050 BF00     		.short	191
 370 0052 AE00     		.short	174
 371 0054 AC00     		.short	172
 372 0056 BD00     		.short	189
 373 0058 BC00     		.short	188
 374 005a A100     		.short	161
 375 005c AB00     		.short	171
 376 005e BB00     		.short	187
 377 0060 9125     		.short	9617
 378 0062 9225     		.short	9618
 379 0064 9325     		.short	9619
 380 0066 0225     		.short	9474
 381 0068 2425     		.short	9508
 382 006a C100     		.short	193
 383 006c C200     		.short	194
 384 006e C000     		.short	192
 385 0070 A900     		.short	169
 386 0072 6325     		.short	9571
 387 0074 5125     		.short	9553
 388 0076 5725     		.short	9559
 389 0078 5D25     		.short	9565
 390 007a A200     		.short	162
 391 007c A500     		.short	165
 392 007e 1025     		.short	9488
 393 0080 1425     		.short	9492
 394 0082 3425     		.short	9524
 395 0084 2C25     		.short	9516
 396 0086 1C25     		.short	9500
 397 0088 0025     		.short	9472
 398 008a 3C25     		.short	9532
 399 008c E300     		.short	227
 400 008e C300     		.short	195
 401 0090 5A25     		.short	9562
 402 0092 5425     		.short	9556
 403 0094 6925     		.short	9577
ARM GAS  C:\Users\yaman\AppData\Local\Temp\cc4iUAAj.s 			page 16


 404 0096 6625     		.short	9574
 405 0098 6025     		.short	9568
 406 009a 5025     		.short	9552
 407 009c 6C25     		.short	9580
 408 009e A400     		.short	164
 409 00a0 F000     		.short	240
 410 00a2 D000     		.short	208
 411 00a4 CA00     		.short	202
 412 00a6 CB00     		.short	203
 413 00a8 C800     		.short	200
 414 00aa 3101     		.short	305
 415 00ac CD00     		.short	205
 416 00ae CE00     		.short	206
 417 00b0 CF00     		.short	207
 418 00b2 1825     		.short	9496
 419 00b4 0C25     		.short	9484
 420 00b6 8825     		.short	9608
 421 00b8 8425     		.short	9604
 422 00ba A600     		.short	166
 423 00bc CC00     		.short	204
 424 00be 8025     		.short	9600
 425 00c0 D300     		.short	211
 426 00c2 DF00     		.short	223
 427 00c4 D400     		.short	212
 428 00c6 D200     		.short	210
 429 00c8 F500     		.short	245
 430 00ca D500     		.short	213
 431 00cc B500     		.short	181
 432 00ce FE00     		.short	254
 433 00d0 DE00     		.short	222
 434 00d2 DA00     		.short	218
 435 00d4 DB00     		.short	219
 436 00d6 D900     		.short	217
 437 00d8 FD00     		.short	253
 438 00da DD00     		.short	221
 439 00dc AF00     		.short	175
 440 00de B400     		.short	180
 441 00e0 AD00     		.short	173
 442 00e2 B100     		.short	177
 443 00e4 1720     		.short	8215
 444 00e6 BE00     		.short	190
 445 00e8 B600     		.short	182
 446 00ea A700     		.short	167
 447 00ec F700     		.short	247
 448 00ee B800     		.short	184
 449 00f0 B000     		.short	176
 450 00f2 A800     		.short	168
 451 00f4 B700     		.short	183
 452 00f6 B900     		.short	185
 453 00f8 B300     		.short	179
 454 00fa B200     		.short	178
 455 00fc A025     		.short	9632
 456 00fe A000     		.short	160
 457              		.section	.rodata.cvt1.1,"a"
 458              		.align	2
 459              		.set	.LANCHOR1,. + 0
 462              	cvt1.1:
ARM GAS  C:\Users\yaman\AppData\Local\Temp\cc4iUAAj.s 			page 17


 463 0000 6100     		.short	97
 464 0002 1A03     		.short	794
 465 0004 E000     		.short	224
 466 0006 1703     		.short	791
 467 0008 F800     		.short	248
 468 000a 0703     		.short	775
 469 000c FF00     		.short	255
 470 000e 0100     		.short	1
 471 0010 7801     		.short	376
 472 0012 0001     		.short	256
 473 0014 3001     		.short	304
 474 0016 3201     		.short	306
 475 0018 0601     		.short	262
 476 001a 3901     		.short	313
 477 001c 1001     		.short	272
 478 001e 4A01     		.short	330
 479 0020 2E01     		.short	302
 480 0022 7901     		.short	377
 481 0024 0601     		.short	262
 482 0026 8001     		.short	384
 483 0028 4D00     		.short	77
 484 002a 4302     		.short	579
 485 002c 8101     		.short	385
 486 002e 8201     		.short	386
 487 0030 8201     		.short	386
 488 0032 8401     		.short	388
 489 0034 8401     		.short	388
 490 0036 8601     		.short	390
 491 0038 8701     		.short	391
 492 003a 8701     		.short	391
 493 003c 8901     		.short	393
 494 003e 8A01     		.short	394
 495 0040 8B01     		.short	395
 496 0042 8B01     		.short	395
 497 0044 8D01     		.short	397
 498 0046 8E01     		.short	398
 499 0048 8F01     		.short	399
 500 004a 9001     		.short	400
 501 004c 9101     		.short	401
 502 004e 9101     		.short	401
 503 0050 9301     		.short	403
 504 0052 9401     		.short	404
 505 0054 F601     		.short	502
 506 0056 9601     		.short	406
 507 0058 9701     		.short	407
 508 005a 9801     		.short	408
 509 005c 9801     		.short	408
 510 005e 3D02     		.short	573
 511 0060 9B01     		.short	411
 512 0062 9C01     		.short	412
 513 0064 9D01     		.short	413
 514 0066 2002     		.short	544
 515 0068 9F01     		.short	415
 516 006a A001     		.short	416
 517 006c A001     		.short	416
 518 006e A201     		.short	418
 519 0070 A201     		.short	418
ARM GAS  C:\Users\yaman\AppData\Local\Temp\cc4iUAAj.s 			page 18


 520 0072 A401     		.short	420
 521 0074 A401     		.short	420
 522 0076 A601     		.short	422
 523 0078 A701     		.short	423
 524 007a A701     		.short	423
 525 007c A901     		.short	425
 526 007e AA01     		.short	426
 527 0080 AB01     		.short	427
 528 0082 AC01     		.short	428
 529 0084 AC01     		.short	428
 530 0086 AE01     		.short	430
 531 0088 AF01     		.short	431
 532 008a AF01     		.short	431
 533 008c B101     		.short	433
 534 008e B201     		.short	434
 535 0090 B301     		.short	435
 536 0092 B301     		.short	435
 537 0094 B501     		.short	437
 538 0096 B501     		.short	437
 539 0098 B701     		.short	439
 540 009a B801     		.short	440
 541 009c B801     		.short	440
 542 009e BA01     		.short	442
 543 00a0 BB01     		.short	443
 544 00a2 BC01     		.short	444
 545 00a4 BC01     		.short	444
 546 00a6 BE01     		.short	446
 547 00a8 F701     		.short	503
 548 00aa C001     		.short	448
 549 00ac C101     		.short	449
 550 00ae C201     		.short	450
 551 00b0 C301     		.short	451
 552 00b2 C401     		.short	452
 553 00b4 C501     		.short	453
 554 00b6 C401     		.short	452
 555 00b8 C701     		.short	455
 556 00ba C801     		.short	456
 557 00bc C701     		.short	455
 558 00be CA01     		.short	458
 559 00c0 CB01     		.short	459
 560 00c2 CA01     		.short	458
 561 00c4 CD01     		.short	461
 562 00c6 1001     		.short	272
 563 00c8 DD01     		.short	477
 564 00ca 0100     		.short	1
 565 00cc 8E01     		.short	398
 566 00ce DE01     		.short	478
 567 00d0 1201     		.short	274
 568 00d2 F301     		.short	499
 569 00d4 0300     		.short	3
 570 00d6 F101     		.short	497
 571 00d8 F401     		.short	500
 572 00da F401     		.short	500
 573 00dc F801     		.short	504
 574 00de 2801     		.short	296
 575 00e0 2202     		.short	546
 576 00e2 1201     		.short	274
ARM GAS  C:\Users\yaman\AppData\Local\Temp\cc4iUAAj.s 			page 19


 577 00e4 3A02     		.short	570
 578 00e6 0900     		.short	9
 579 00e8 652C     		.short	11365
 580 00ea 3B02     		.short	571
 581 00ec 3B02     		.short	571
 582 00ee 3D02     		.short	573
 583 00f0 662C     		.short	11366
 584 00f2 3F02     		.short	575
 585 00f4 4002     		.short	576
 586 00f6 4102     		.short	577
 587 00f8 4102     		.short	577
 588 00fa 4602     		.short	582
 589 00fc 0A01     		.short	266
 590 00fe 5302     		.short	595
 591 0100 4000     		.short	64
 592 0102 8101     		.short	385
 593 0104 8601     		.short	390
 594 0106 5502     		.short	597
 595 0108 8901     		.short	393
 596 010a 8A01     		.short	394
 597 010c 5802     		.short	600
 598 010e 8F01     		.short	399
 599 0110 5A02     		.short	602
 600 0112 9001     		.short	400
 601 0114 5C02     		.short	604
 602 0116 5D02     		.short	605
 603 0118 5E02     		.short	606
 604 011a 5F02     		.short	607
 605 011c 9301     		.short	403
 606 011e 6102     		.short	609
 607 0120 6202     		.short	610
 608 0122 9401     		.short	404
 609 0124 6402     		.short	612
 610 0126 6502     		.short	613
 611 0128 6602     		.short	614
 612 012a 6702     		.short	615
 613 012c 9701     		.short	407
 614 012e 9601     		.short	406
 615 0130 6A02     		.short	618
 616 0132 622C     		.short	11362
 617 0134 6C02     		.short	620
 618 0136 6D02     		.short	621
 619 0138 6E02     		.short	622
 620 013a 9C01     		.short	412
 621 013c 7002     		.short	624
 622 013e 7102     		.short	625
 623 0140 9D01     		.short	413
 624 0142 7302     		.short	627
 625 0144 7402     		.short	628
 626 0146 9F01     		.short	415
 627 0148 7602     		.short	630
 628 014a 7702     		.short	631
 629 014c 7802     		.short	632
 630 014e 7902     		.short	633
 631 0150 7A02     		.short	634
 632 0152 7B02     		.short	635
 633 0154 7C02     		.short	636
ARM GAS  C:\Users\yaman\AppData\Local\Temp\cc4iUAAj.s 			page 20


 634 0156 642C     		.short	11364
 635 0158 7E02     		.short	638
 636 015a 7F02     		.short	639
 637 015c A601     		.short	422
 638 015e 8102     		.short	641
 639 0160 8202     		.short	642
 640 0162 A901     		.short	425
 641 0164 8402     		.short	644
 642 0166 8502     		.short	645
 643 0168 8602     		.short	646
 644 016a 8702     		.short	647
 645 016c AE01     		.short	430
 646 016e 4402     		.short	580
 647 0170 B101     		.short	433
 648 0172 B201     		.short	434
 649 0174 4502     		.short	581
 650 0176 8D02     		.short	653
 651 0178 8E02     		.short	654
 652 017a 8F02     		.short	655
 653 017c 9002     		.short	656
 654 017e 9102     		.short	657
 655 0180 B701     		.short	439
 656 0182 7B03     		.short	891
 657 0184 0300     		.short	3
 658 0186 FD03     		.short	1021
 659 0188 FE03     		.short	1022
 660 018a FF03     		.short	1023
 661 018c AC03     		.short	940
 662 018e 0400     		.short	4
 663 0190 8603     		.short	902
 664 0192 8803     		.short	904
 665 0194 8903     		.short	905
 666 0196 8A03     		.short	906
 667 0198 B103     		.short	945
 668 019a 1103     		.short	785
 669 019c C203     		.short	962
 670 019e 0200     		.short	2
 671 01a0 A303     		.short	931
 672 01a2 A303     		.short	931
 673 01a4 C403     		.short	964
 674 01a6 0803     		.short	776
 675 01a8 CC03     		.short	972
 676 01aa 0300     		.short	3
 677 01ac 8C03     		.short	908
 678 01ae 8E03     		.short	910
 679 01b0 8F03     		.short	911
 680 01b2 D803     		.short	984
 681 01b4 1801     		.short	280
 682 01b6 F203     		.short	1010
 683 01b8 0A00     		.short	10
 684 01ba F903     		.short	1017
 685 01bc F303     		.short	1011
 686 01be F403     		.short	1012
 687 01c0 F503     		.short	1013
 688 01c2 F603     		.short	1014
 689 01c4 F703     		.short	1015
 690 01c6 F703     		.short	1015
ARM GAS  C:\Users\yaman\AppData\Local\Temp\cc4iUAAj.s 			page 21


 691 01c8 F903     		.short	1017
 692 01ca FA03     		.short	1018
 693 01cc FA03     		.short	1018
 694 01ce 3004     		.short	1072
 695 01d0 2003     		.short	800
 696 01d2 5004     		.short	1104
 697 01d4 1007     		.short	1808
 698 01d6 6004     		.short	1120
 699 01d8 2201     		.short	290
 700 01da 8A04     		.short	1162
 701 01dc 3601     		.short	310
 702 01de C104     		.short	1217
 703 01e0 0E01     		.short	270
 704 01e2 CF04     		.short	1231
 705 01e4 0100     		.short	1
 706 01e6 C004     		.short	1216
 707 01e8 D004     		.short	1232
 708 01ea 4401     		.short	324
 709 01ec 6105     		.short	1377
 710 01ee 2604     		.short	1062
 711 01f0 0000     		.short	0
 712              		.section	.rodata.cvt2.0,"a"
 713              		.align	2
 714              		.set	.LANCHOR2,. + 0
 717              	cvt2.0:
 718 0000 7D1D     		.short	7549
 719 0002 0100     		.short	1
 720 0004 632C     		.short	11363
 721 0006 001E     		.short	7680
 722 0008 9601     		.short	406
 723 000a A01E     		.short	7840
 724 000c 5A01     		.short	346
 725 000e 001F     		.short	7936
 726 0010 0806     		.short	1544
 727 0012 101F     		.short	7952
 728 0014 0606     		.short	1542
 729 0016 201F     		.short	7968
 730 0018 0806     		.short	1544
 731 001a 301F     		.short	7984
 732 001c 0806     		.short	1544
 733 001e 401F     		.short	8000
 734 0020 0606     		.short	1542
 735 0022 511F     		.short	8017
 736 0024 0700     		.short	7
 737 0026 591F     		.short	8025
 738 0028 521F     		.short	8018
 739 002a 5B1F     		.short	8027
 740 002c 541F     		.short	8020
 741 002e 5D1F     		.short	8029
 742 0030 561F     		.short	8022
 743 0032 5F1F     		.short	8031
 744 0034 601F     		.short	8032
 745 0036 0806     		.short	1544
 746 0038 701F     		.short	8048
 747 003a 0E00     		.short	14
 748 003c BA1F     		.short	8122
 749 003e BB1F     		.short	8123
ARM GAS  C:\Users\yaman\AppData\Local\Temp\cc4iUAAj.s 			page 22


 750 0040 C81F     		.short	8136
 751 0042 C91F     		.short	8137
 752 0044 CA1F     		.short	8138
 753 0046 CB1F     		.short	8139
 754 0048 DA1F     		.short	8154
 755 004a DB1F     		.short	8155
 756 004c F81F     		.short	8184
 757 004e F91F     		.short	8185
 758 0050 EA1F     		.short	8170
 759 0052 EB1F     		.short	8171
 760 0054 FA1F     		.short	8186
 761 0056 FB1F     		.short	8187
 762 0058 801F     		.short	8064
 763 005a 0806     		.short	1544
 764 005c 901F     		.short	8080
 765 005e 0806     		.short	1544
 766 0060 A01F     		.short	8096
 767 0062 0806     		.short	1544
 768 0064 B01F     		.short	8112
 769 0066 0400     		.short	4
 770 0068 B81F     		.short	8120
 771 006a B91F     		.short	8121
 772 006c B21F     		.short	8114
 773 006e BC1F     		.short	8124
 774 0070 CC1F     		.short	8140
 775 0072 0100     		.short	1
 776 0074 C31F     		.short	8131
 777 0076 D01F     		.short	8144
 778 0078 0206     		.short	1538
 779 007a E01F     		.short	8160
 780 007c 0206     		.short	1538
 781 007e E51F     		.short	8165
 782 0080 0100     		.short	1
 783 0082 EC1F     		.short	8172
 784 0084 F21F     		.short	8178
 785 0086 0100     		.short	1
 786 0088 FC1F     		.short	8188
 787 008a 4E21     		.short	8526
 788 008c 0100     		.short	1
 789 008e 3221     		.short	8498
 790 0090 7021     		.short	8560
 791 0092 1002     		.short	528
 792 0094 8421     		.short	8580
 793 0096 0100     		.short	1
 794 0098 8321     		.short	8579
 795 009a D024     		.short	9424
 796 009c 1A05     		.short	1306
 797 009e 302C     		.short	11312
 798 00a0 2F04     		.short	1071
 799 00a2 602C     		.short	11360
 800 00a4 0201     		.short	258
 801 00a6 672C     		.short	11367
 802 00a8 0601     		.short	262
 803 00aa 752C     		.short	11381
 804 00ac 0201     		.short	258
 805 00ae 802C     		.short	11392
 806 00b0 6401     		.short	356
ARM GAS  C:\Users\yaman\AppData\Local\Temp\cc4iUAAj.s 			page 23


 807 00b2 002D     		.short	11520
 808 00b4 2608     		.short	2086
 809 00b6 41FF     		.short	-191
 810 00b8 1A03     		.short	794
 811 00ba 0000     		.short	0
 812              		.text
 813              	.Letext0:
 814              		.file 2 "c:\\users\\yaman\\downloads\\daisytoolchain-0.3.3\\daisytoolchain-0.3.3\\windows\\arm-non
 815              		.file 3 "c:\\users\\yaman\\downloads\\daisytoolchain-0.3.3\\daisytoolchain-0.3.3\\windows\\arm-non
 816              		.file 4 "libDaisy/Middlewares/Third_Party/FatFs/src/option/../integer.h"
ARM GAS  C:\Users\yaman\AppData\Local\Temp\cc4iUAAj.s 			page 24


DEFINED SYMBOLS
                            *ABS*:00000000 ccsbcs.c
C:\Users\yaman\AppData\Local\Temp\cc4iUAAj.s:17     .text.ff_convert:00000000 $t
C:\Users\yaman\AppData\Local\Temp\cc4iUAAj.s:26     .text.ff_convert:00000000 ff_convert
C:\Users\yaman\AppData\Local\Temp\cc4iUAAj.s:100    .text.ff_convert:00000038 $d
C:\Users\yaman\AppData\Local\Temp\cc4iUAAj.s:105    .text.ff_wtoupper:00000000 $t
C:\Users\yaman\AppData\Local\Temp\cc4iUAAj.s:113    .text.ff_wtoupper:00000000 ff_wtoupper
C:\Users\yaman\AppData\Local\Temp\cc4iUAAj.s:182    .text.ff_wtoupper:0000003c $d
C:\Users\yaman\AppData\Local\Temp\cc4iUAAj.s:318    .text.ff_wtoupper:0000008c $d
C:\Users\yaman\AppData\Local\Temp\cc4iUAAj.s:324    .rodata.Tbl:00000000 $d
C:\Users\yaman\AppData\Local\Temp\cc4iUAAj.s:328    .rodata.Tbl:00000000 Tbl
C:\Users\yaman\AppData\Local\Temp\cc4iUAAj.s:458    .rodata.cvt1.1:00000000 $d
C:\Users\yaman\AppData\Local\Temp\cc4iUAAj.s:462    .rodata.cvt1.1:00000000 cvt1.1
C:\Users\yaman\AppData\Local\Temp\cc4iUAAj.s:713    .rodata.cvt2.0:00000000 $d
C:\Users\yaman\AppData\Local\Temp\cc4iUAAj.s:717    .rodata.cvt2.0:00000000 cvt2.0
C:\Users\yaman\AppData\Local\Temp\cc4iUAAj.s:191    .text.ff_wtoupper:00000045 $d
C:\Users\yaman\AppData\Local\Temp\cc4iUAAj.s:191    .text.ff_wtoupper:00000046 $t

NO UNDEFINED SYMBOLS
